#
# There is insufficient memory for the Java Runtime Environment to continue.
# Native memory allocation (malloc) failed to allocate 262896 bytes for Chunk::new
# Possible reasons:
#   The system is out of physical RAM or swap space
#   The process is running with CompressedOops enabled, and the Java Heap may be blocking the growth of the native heap
# Possible solutions:
#   Reduce memory load on the system
#   Increase physical memory or swap space
#   Check if swap backing store is full
#   Decrease Java heap size (-Xmx/-Xms)
#   Decrease number of Java threads
#   Decrease Java thread stack sizes (-Xss)
#   Set larger code cache with -XX:ReservedCodeCacheSize=
#   JVM is running with Zero Based Compressed Oops mode in which the Java heap is
#     placed in the first 32GB address space. The Java Heap base address is the
#     maximum limit for the native heap growth. Please use -XX:HeapBaseMinAddress
#     to set the Java Heap base and to place the Java Heap above 32GB virtual address.
# This output file may be truncated or incomplete.
#
#  Out of Memory Error (arena.cpp:168), pid=18452, tid=26772
#
# JRE version: Java(TM) SE Runtime Environment (21.0.5+9) (build 21.0.5+9-LTS-239)
# Java VM: Java HotSpot(TM) 64-Bit Server VM (21.0.5+9-LTS-239, mixed mode, sharing, tiered, compressed oops, compressed class ptrs, g1 gc, windows-amd64)
# No core dump will be written. Minidumps are not enabled by default on client versions of Windows
#

---------------  S U M M A R Y ------------

Command Line: -javaagent:D:\IntelliJ IDEA Community Edition 2024.1.4\lib\idea_rt.jar=50145:D:\IntelliJ IDEA Community Edition 2024.1.4\bin -Dfile.encoding=UTF-8 -Dsun.stdout.encoding=UTF-8 -Dsun.stderr.encoding=UTF-8 com.capstoneproject.themeal.capstoneprojectApplication

Host: AMD Ryzen 5 6600HS Creator Edition             , 12 cores, 13G,  Windows 11 , 64 bit Build 22621 (10.0.22621.4391)
Time: Thu Nov  7 21:35:40 2024 SE Asia Standard Time elapsed time: 272.452667 seconds (0d 0h 4m 32s)

---------------  T H R E A D  ---------------

Current thread (0x000001f0f9187b00):  JavaThread "C2 CompilerThread0" daemon [_thread_in_native, id=26772, stack(0x000000aa5e900000,0x000000aa5ea00000) (1024K)]


Current CompileTask:
C2: 272452 10286       4       org.hibernate.engine.internal.StatefulPersistenceContext::claimEntityHolderIfPossible (191 bytes)

Stack: [0x000000aa5e900000,0x000000aa5ea00000]
Native frames: (J=compiled Java code, j=interpreted, Vv=VM code, C=native code)
V  [jvm.dll+0x6ca289]
V  [jvm.dll+0x854a51]
V  [jvm.dll+0x856f7e]
V  [jvm.dll+0x857653]
V  [jvm.dll+0x27dd26]
V  [jvm.dll+0xc4c2d]
V  [jvm.dll+0xc5163]
V  [jvm.dll+0x3b4d02]
V  [jvm.dll+0x1df809]
V  [jvm.dll+0x246a62]
V  [jvm.dll+0x245eef]
V  [jvm.dll+0x1c6d0e]
V  [jvm.dll+0x2554d9]
V  [jvm.dll+0x253a6a]
V  [jvm.dll+0x3ee136]
V  [jvm.dll+0x7fee9b]
V  [jvm.dll+0x6c896d]
C  [ucrtbase.dll+0x29333]
C  [KERNEL32.DLL+0x1259d]
C  [ntdll.dll+0x5af38]


---------------  P R O C E S S  ---------------

Threads class SMR info:
_java_thread_list=0x000001f0c285d2b0, length=30, elements={
0x000001f0f91622f0, 0x000001f0f9162e10, 0x000001f0f9163fb0, 0x000001f0f916b900,
0x000001f0f91702d0, 0x000001f0f9178940, 0x000001f0f9187b00, 0x000001f0f91881a0,
0x000001f0f9be4f40, 0x000001f0fe0ea980, 0x000001f0fe0eafe0, 0x000001f0feaccdb0,
0x000001f0feacc090, 0x000001f0feacd440, 0x000001f0feacdad0, 0x000001f0feacee80,
0x000001f0feacc720, 0x000001f0cb1f0140, 0x000001f0cb1ee700, 0x000001f0cb1eccc0,
0x000001f0cb1efab0, 0x000001f0cb1ed350, 0x000001f0cb1ed9e0, 0x000001f0cb1ef420,
0x000001f0cb1ee070, 0x000001f0cb1eed90, 0x000001f0fea28f90, 0x000001f0fea2caa0,
0x000001f0fea2d130, 0x000001f0c22fc9c0
}

Java Threads: ( => current thread )
  0x000001f0f91622f0 JavaThread "Reference Handler"          daemon [_thread_blocked, id=29324, stack(0x000000aa5e300000,0x000000aa5e400000) (1024K)]
  0x000001f0f9162e10 JavaThread "Finalizer"                  daemon [_thread_blocked, id=21020, stack(0x000000aa5e400000,0x000000aa5e500000) (1024K)]
  0x000001f0f9163fb0 JavaThread "Signal Dispatcher"          daemon [_thread_blocked, id=21676, stack(0x000000aa5e500000,0x000000aa5e600000) (1024K)]
  0x000001f0f916b900 JavaThread "Attach Listener"            daemon [_thread_blocked, id=29456, stack(0x000000aa5e600000,0x000000aa5e700000) (1024K)]
  0x000001f0f91702d0 JavaThread "Service Thread"             daemon [_thread_blocked, id=27752, stack(0x000000aa5e700000,0x000000aa5e800000) (1024K)]
  0x000001f0f9178940 JavaThread "Monitor Deflation Thread"   daemon [_thread_blocked, id=26520, stack(0x000000aa5e800000,0x000000aa5e900000) (1024K)]
=>0x000001f0f9187b00 JavaThread "C2 CompilerThread0"         daemon [_thread_in_native, id=26772, stack(0x000000aa5e900000,0x000000aa5ea00000) (1024K)]
  0x000001f0f91881a0 JavaThread "C1 CompilerThread0"         daemon [_thread_blocked, id=8824, stack(0x000000aa5ea00000,0x000000aa5eb00000) (1024K)]
  0x000001f0f9be4f40 JavaThread "Common-Cleaner"             daemon [_thread_blocked, id=11416, stack(0x000000aa5eb00000,0x000000aa5ec00000) (1024K)]
  0x000001f0fe0ea980 JavaThread "Monitor Ctrl-Break"         daemon [_thread_in_native, id=5844, stack(0x000000aa5ed00000,0x000000aa5ee00000) (1024K)]
  0x000001f0fe0eafe0 JavaThread "Notification Thread"        daemon [_thread_blocked, id=30416, stack(0x000000aa5ee00000,0x000000aa5ef00000) (1024K)]
  0x000001f0feaccdb0 JavaThread "Catalina-utility-1"                [_thread_blocked, id=1976, stack(0x000000aa5fb00000,0x000000aa5fc00000) (1024K)]
  0x000001f0feacc090 JavaThread "Catalina-utility-2"                [_thread_blocked, id=2736, stack(0x000000aa5fc00000,0x000000aa5fd00000) (1024K)]
  0x000001f0feacd440 JavaThread "container-0"                       [_thread_blocked, id=26884, stack(0x000000aa5fd00000,0x000000aa5fe00000) (1024K)]
  0x000001f0feacdad0 JavaThread "PostgreSQL-JDBC-Cleaner"    daemon [_thread_blocked, id=6216, stack(0x000000aa5ff00000,0x000000aa60000000) (1024K)]
  0x000001f0feacee80 JavaThread "HikariPool-1 housekeeper"   daemon [_thread_blocked, id=20412, stack(0x000000aa60000000,0x000000aa60100000) (1024K)]
  0x000001f0feacc720 JavaThread "http-nio-8080-exec-1"       daemon [_thread_blocked, id=25060, stack(0x000000aa60200000,0x000000aa60300000) (1024K)]
  0x000001f0cb1f0140 JavaThread "http-nio-8080-exec-2"       daemon [_thread_blocked, id=1224, stack(0x000000aa60300000,0x000000aa60400000) (1024K)]
  0x000001f0cb1ee700 JavaThread "http-nio-8080-exec-3"       daemon [_thread_blocked, id=15712, stack(0x000000aa60400000,0x000000aa60500000) (1024K)]
  0x000001f0cb1eccc0 JavaThread "http-nio-8080-exec-4"       daemon [_thread_blocked, id=20984, stack(0x000000aa60500000,0x000000aa60600000) (1024K)]
  0x000001f0cb1efab0 JavaThread "http-nio-8080-exec-5"       daemon [_thread_blocked, id=24324, stack(0x000000aa60600000,0x000000aa60700000) (1024K)]
  0x000001f0cb1ed350 JavaThread "http-nio-8080-exec-6"       daemon [_thread_blocked, id=22180, stack(0x000000aa60700000,0x000000aa60800000) (1024K)]
  0x000001f0cb1ed9e0 JavaThread "http-nio-8080-exec-7"       daemon [_thread_blocked, id=23444, stack(0x000000aa60800000,0x000000aa60900000) (1024K)]
  0x000001f0cb1ef420 JavaThread "http-nio-8080-exec-8"       daemon [_thread_blocked, id=20324, stack(0x000000aa60900000,0x000000aa60a00000) (1024K)]
  0x000001f0cb1ee070 JavaThread "http-nio-8080-exec-9"       daemon [_thread_blocked, id=14600, stack(0x000000aa60a00000,0x000000aa60b00000) (1024K)]
  0x000001f0cb1eed90 JavaThread "http-nio-8080-exec-10"      daemon [_thread_blocked, id=18824, stack(0x000000aa60b00000,0x000000aa60c00000) (1024K)]
  0x000001f0fea28f90 JavaThread "http-nio-8080-Poller"       daemon [_thread_in_native, id=23936, stack(0x000000aa60c00000,0x000000aa60d00000) (1024K)]
  0x000001f0fea2caa0 JavaThread "http-nio-8080-Acceptor"     daemon [_thread_in_native, id=19152, stack(0x000000aa60d00000,0x000000aa60e00000) (1024K)]
  0x000001f0fea2d130 JavaThread "DestroyJavaVM"                     [_thread_blocked, id=8480, stack(0x000000aa5db00000,0x000000aa5dc00000) (1024K)]
  0x000001f0c22fc9c0 JavaThread "C2 CompilerThread1"         daemon [_thread_blocked, id=26488, stack(0x000000aa5d800000,0x000000aa5d900000) (1024K)]
Total: 30

Other Threads:
  0x000001f0f914dc90 VMThread "VM Thread"                           [id=27392, stack(0x000000aa5e200000,0x000000aa5e300000) (1024K)]
  0x000001f0f913b0e0 WatcherThread "VM Periodic Task Thread"        [id=2624, stack(0x000000aa5e100000,0x000000aa5e200000) (1024K)]
  0x000001f0daf55150 WorkerThread "GC Thread#0"                     [id=28876, stack(0x000000aa5dc00000,0x000000aa5dd00000) (1024K)]
  0x000001f0fe8cdbd0 WorkerThread "GC Thread#1"                     [id=1180, stack(0x000000aa5ef00000,0x000000aa5f000000) (1024K)]
  0x000001f0fe9e5390 WorkerThread "GC Thread#2"                     [id=29360, stack(0x000000aa5f000000,0x000000aa5f100000) (1024K)]
  0x000001f0fe9e5730 WorkerThread "GC Thread#3"                     [id=26236, stack(0x000000aa5f100000,0x000000aa5f200000) (1024K)]
  0x000001f0fe9e5ad0 WorkerThread "GC Thread#4"                     [id=27468, stack(0x000000aa5f200000,0x000000aa5f300000) (1024K)]
  0x000001f0fe4ede30 WorkerThread "GC Thread#5"                     [id=27424, stack(0x000000aa5f300000,0x000000aa5f400000) (1024K)]
  0x000001f0fee361b0 WorkerThread "GC Thread#6"                     [id=12940, stack(0x000000aa5f500000,0x000000aa5f600000) (1024K)]
  0x000001f0fee36550 WorkerThread "GC Thread#7"                     [id=26264, stack(0x000000aa5f600000,0x000000aa5f700000) (1024K)]
  0x000001f0fed32730 WorkerThread "GC Thread#8"                     [id=24784, stack(0x000000aa5f700000,0x000000aa5f800000) (1024K)]
  0x000001f0fed34090 WorkerThread "GC Thread#9"                     [id=18612, stack(0x000000aa5f400000,0x000000aa5f500000) (1024K)]
  0x000001f0daf63c40 ConcurrentGCThread "G1 Main Marker"            [id=27016, stack(0x000000aa5dd00000,0x000000aa5de00000) (1024K)]
  0x000001f0daf65900 WorkerThread "G1 Conc#0"                       [id=2932, stack(0x000000aa5de00000,0x000000aa5df00000) (1024K)]
  0x000001f0fed33210 WorkerThread "G1 Conc#1"                       [id=16708, stack(0x000000aa5f800000,0x000000aa5f900000) (1024K)]
  0x000001f0fed32e70 WorkerThread "G1 Conc#2"                       [id=16208, stack(0x000000aa5fa00000,0x000000aa5fb00000) (1024K)]
  0x000001f0dafae480 ConcurrentGCThread "G1 Refine#0"               [id=8972, stack(0x000000aa5df00000,0x000000aa5e000000) (1024K)]
  0x000001f0f900c030 ConcurrentGCThread "G1 Service"                [id=28556, stack(0x000000aa5e000000,0x000000aa5e100000) (1024K)]
Total: 18

Threads with active compile tasks:
C2 CompilerThread0   272487 10286       4       org.hibernate.engine.internal.StatefulPersistenceContext::claimEntityHolderIfPossible (191 bytes)
Total: 1

VM state: not at safepoint (normal execution)

VM Mutex/Monitor currently owned by a thread: None

Heap address: 0x0000000724e00000, size: 3506 MB, Compressed Oops mode: Zero based, Oop shift amount: 3

CDS archive(s) mapped at: [0x000001f080000000-0x000001f080c90000-0x000001f080c90000), size 13172736, SharedBaseAddress: 0x000001f080000000, ArchiveRelocationMode: 1.
Compressed class space mapped at: 0x000001f081000000-0x000001f0c1000000, reserved size: 1073741824
Narrow klass base: 0x000001f080000000, Narrow klass shift: 0, Narrow klass range: 0x100000000

GC Precious Log:
 CardTable entry size: 512
 Card Set container configuration: InlinePtr #cards 4 size 8 Array Of Cards #cards 16 size 48 Howl #buckets 8 coarsen threshold 3686 Howl Bitmap #cards 512 size 80 coarsen threshold 460 Card regions per heap region 1 cards per card region 4096
 CPUs: 12 total, 12 available
 Memory: 14020M
 Large Page Support: Disabled
 NUMA Support: Disabled
 Compressed Oops: Enabled (Zero based)
 Heap Region Size: 2M
 Heap Min Capacity: 8M
 Heap Initial Capacity: 220M
 Heap Max Capacity: 3506M
 Pre-touch: Disabled
 Parallel Workers: 10
 Concurrent Workers: 3
 Concurrent Refinement Workers: 10
 Periodic GC: Disabled

Heap:
 garbage-first heap   total 90112K, used 70460K [0x0000000724e00000, 0x0000000800000000)
  region size 2048K, 19 young (38912K), 3 survivors (6144K)
 Metaspace       used 82896K, committed 83712K, reserved 1179648K
  class space    used 11156K, committed 11520K, reserved 1048576K

Heap Regions: E=young(eden), S=young(survivor), O=old, HS=humongous(starts), HC=humongous(continues), CS=collection set, F=free, TAMS=top-at-mark-start, PB=parsable bottom
|   0|0x0000000724e00000, 0x0000000725000000, 0x0000000725000000|100%| O|  |TAMS 0x0000000724e00000| PB 0x0000000724e00000| Untracked 
|   1|0x0000000725000000, 0x0000000725200000, 0x0000000725200000|100%| O|  |TAMS 0x0000000725000000| PB 0x0000000725000000| Untracked 
|   2|0x0000000725200000, 0x0000000725400000, 0x0000000725400000|100%| O|  |TAMS 0x0000000725200000| PB 0x0000000725200000| Untracked 
|   3|0x0000000725400000, 0x0000000725600000, 0x0000000725600000|100%| O|  |TAMS 0x0000000725400000| PB 0x0000000725400000| Untracked 
|   4|0x0000000725600000, 0x0000000725800000, 0x0000000725800000|100%| O|  |TAMS 0x0000000725600000| PB 0x0000000725600000| Untracked 
|   5|0x0000000725800000, 0x0000000725a00000, 0x0000000725a00000|100%| O|  |TAMS 0x0000000725800000| PB 0x0000000725800000| Untracked 
|   6|0x0000000725a00000, 0x0000000725c00000, 0x0000000725c00000|100%| O|  |TAMS 0x0000000725a00000| PB 0x0000000725a00000| Untracked 
|   7|0x0000000725c00000, 0x0000000725e00000, 0x0000000725e00000|100%| O|  |TAMS 0x0000000725c00000| PB 0x0000000725c00000| Untracked 
|   8|0x0000000725e00000, 0x0000000726000000, 0x0000000726000000|100%| O|  |TAMS 0x0000000725e00000| PB 0x0000000725e00000| Untracked 
|   9|0x0000000726000000, 0x0000000726200000, 0x0000000726200000|100%| O|  |TAMS 0x0000000726000000| PB 0x0000000726000000| Untracked 
|  10|0x0000000726200000, 0x0000000726400000, 0x0000000726400000|100%| O|  |TAMS 0x0000000726200000| PB 0x0000000726200000| Untracked 
|  11|0x0000000726400000, 0x0000000726600000, 0x0000000726600000|100%| O|  |TAMS 0x0000000726400000| PB 0x0000000726400000| Untracked 
|  12|0x0000000726600000, 0x0000000726800000, 0x0000000726800000|100%| O|  |TAMS 0x0000000726600000| PB 0x0000000726600000| Untracked 
|  13|0x0000000726800000, 0x0000000726a00000, 0x0000000726a00000|100%| O|  |TAMS 0x0000000726800000| PB 0x0000000726800000| Untracked 
|  14|0x0000000726a00000, 0x0000000726acf048, 0x0000000726c00000| 40%| O|  |TAMS 0x0000000726a00000| PB 0x0000000726a00000| Untracked 
|  15|0x0000000726c00000, 0x0000000726c00000, 0x0000000726e00000|  0%| F|  |TAMS 0x0000000726c00000| PB 0x0000000726c00000| Untracked 
|  16|0x0000000726e00000, 0x0000000726e00000, 0x0000000727000000|  0%| F|  |TAMS 0x0000000726e00000| PB 0x0000000726e00000| Untracked 
|  17|0x0000000727000000, 0x0000000727200000, 0x0000000727200000|100%| O|  |TAMS 0x0000000727000000| PB 0x0000000727000000| Untracked 
|  18|0x0000000727200000, 0x0000000727400000, 0x0000000727400000|100%| O|  |TAMS 0x0000000727200000| PB 0x0000000727200000| Untracked 
|  19|0x0000000727400000, 0x0000000727600000, 0x0000000727600000|100%| O|  |TAMS 0x0000000727400000| PB 0x0000000727400000| Untracked 
|  20|0x0000000727600000, 0x0000000727600000, 0x0000000727800000|  0%| F|  |TAMS 0x0000000727600000| PB 0x0000000727600000| Untracked 
|  21|0x0000000727800000, 0x0000000727800000, 0x0000000727a00000|  0%| F|  |TAMS 0x0000000727800000| PB 0x0000000727800000| Untracked 
|  22|0x0000000727a00000, 0x0000000727c00000, 0x0000000727c00000|100%| S|CS|TAMS 0x0000000727a00000| PB 0x0000000727a00000| Complete 
|  23|0x0000000727c00000, 0x0000000727e00000, 0x0000000727e00000|100%| S|CS|TAMS 0x0000000727c00000| PB 0x0000000727c00000| Complete 
|  24|0x0000000727e00000, 0x0000000728000000, 0x0000000728000000|100%| S|CS|TAMS 0x0000000727e00000| PB 0x0000000727e00000| Complete 
|  25|0x0000000728000000, 0x0000000728000000, 0x0000000728200000|  0%| F|  |TAMS 0x0000000728000000| PB 0x0000000728000000| Untracked 
|  26|0x0000000728200000, 0x0000000728200000, 0x0000000728400000|  0%| F|  |TAMS 0x0000000728200000| PB 0x0000000728200000| Untracked 
|  27|0x0000000728400000, 0x0000000728400000, 0x0000000728600000|  0%| F|  |TAMS 0x0000000728400000| PB 0x0000000728400000| Untracked 
|  28|0x0000000728600000, 0x00000007286e8da8, 0x0000000728800000| 45%| E|  |TAMS 0x0000000728600000| PB 0x0000000728600000| Complete 
|  29|0x0000000728800000, 0x0000000728a00000, 0x0000000728a00000|100%| E|CS|TAMS 0x0000000728800000| PB 0x0000000728800000| Complete 
|  30|0x0000000728a00000, 0x0000000728c00000, 0x0000000728c00000|100%| E|CS|TAMS 0x0000000728a00000| PB 0x0000000728a00000| Complete 
|  31|0x0000000728c00000, 0x0000000728e00000, 0x0000000728e00000|100%| E|CS|TAMS 0x0000000728c00000| PB 0x0000000728c00000| Complete 
|  32|0x0000000728e00000, 0x0000000729000000, 0x0000000729000000|100%| E|CS|TAMS 0x0000000728e00000| PB 0x0000000728e00000| Complete 
|  33|0x0000000729000000, 0x0000000729200000, 0x0000000729200000|100%| E|CS|TAMS 0x0000000729000000| PB 0x0000000729000000| Complete 
|  34|0x0000000729200000, 0x0000000729400000, 0x0000000729400000|100%| E|CS|TAMS 0x0000000729200000| PB 0x0000000729200000| Complete 
|  35|0x0000000729400000, 0x0000000729600000, 0x0000000729600000|100%| E|CS|TAMS 0x0000000729400000| PB 0x0000000729400000| Complete 
|  36|0x0000000729600000, 0x0000000729800000, 0x0000000729800000|100%| E|CS|TAMS 0x0000000729600000| PB 0x0000000729600000| Complete 
|  37|0x0000000729800000, 0x0000000729a00000, 0x0000000729a00000|100%| E|  |TAMS 0x0000000729800000| PB 0x0000000729800000| Complete 
|  38|0x0000000729a00000, 0x0000000729c00000, 0x0000000729c00000|100%| E|CS|TAMS 0x0000000729a00000| PB 0x0000000729a00000| Complete 
|  82|0x000000072f200000, 0x000000072f400000, 0x000000072f400000|100%| E|CS|TAMS 0x000000072f200000| PB 0x000000072f200000| Complete 
|  83|0x000000072f400000, 0x000000072f600000, 0x000000072f600000|100%| E|CS|TAMS 0x000000072f400000| PB 0x000000072f400000| Complete 
|  84|0x000000072f600000, 0x000000072f800000, 0x000000072f800000|100%| E|CS|TAMS 0x000000072f600000| PB 0x000000072f600000| Complete 
|  85|0x000000072f800000, 0x000000072fa00000, 0x000000072fa00000|100%| E|CS|TAMS 0x000000072f800000| PB 0x000000072f800000| Complete 
| 109|0x0000000732800000, 0x0000000732a00000, 0x0000000732a00000|100%| E|CS|TAMS 0x0000000732800000| PB 0x0000000732800000| Complete 

Card table byte_map: [0x000001f0f2fb0000,0x000001f0f3690000] _byte_map_base: 0x000001f0ef689000

Marking Bits: (CMBitMap*) 0x000001f0daf55850
 Bits: [0x000001f0f3690000, 0x000001f0f6d58000)

Polling page: 0x000001f0da6b0000

Metaspace:

Usage:
  Non-class:     70.06 MB used.
      Class:     10.89 MB used.
       Both:     80.95 MB used.

Virtual space:
  Non-class space:      128.00 MB reserved,      70.50 MB ( 55%) committed,  2 nodes.
      Class space:        1.00 GB reserved,      11.25 MB (  1%) committed,  1 nodes.
             Both:        1.12 GB reserved,      81.75 MB (  7%) committed. 

Chunk freelists:
   Non-Class:  9.42 MB
       Class:  4.64 MB
        Both:  14.06 MB

MaxMetaspaceSize: unlimited
CompressedClassSpaceSize: 1.00 GB
Initial GC threshold: 21.00 MB
Current GC threshold: 98.44 MB
CDS: on
 - commit_granule_bytes: 65536.
 - commit_granule_words: 8192.
 - virtual_space_node_default_size: 8388608.
 - enlarge_chunks_in_place: 1.
 - use_allocation_guard: 0.


Internal statistics:

num_allocs_failed_limit: 9.
num_arena_births: 1238.
num_arena_deaths: 0.
num_vsnodes_births: 3.
num_vsnodes_deaths: 0.
num_space_committed: 1308.
num_space_uncommitted: 0.
num_chunks_returned_to_freelist: 9.
num_chunks_taken_from_freelist: 4371.
num_chunk_merges: 9.
num_chunk_splits: 3125.
num_chunks_enlarged: 2414.
num_inconsistent_stats: 0.

CodeHeap 'non-profiled nmethods': size=120000Kb used=6882Kb max_used=6882Kb free=113117Kb
 bounds [0x000001f0eae40000, 0x000001f0eb500000, 0x000001f0f2370000]
CodeHeap 'profiled nmethods': size=120000Kb used=18671Kb max_used=18671Kb free=101328Kb
 bounds [0x000001f0e3370000, 0x000001f0e45b0000, 0x000001f0ea8a0000]
CodeHeap 'non-nmethods': size=5760Kb used=1709Kb max_used=1761Kb free=4050Kb
 bounds [0x000001f0ea8a0000, 0x000001f0eab10000, 0x000001f0eae40000]
 total_blobs=10283 nmethods=9549 adapters=636
 compilation: enabled
              stopped_count=0, restarted_count=0
 full_count=0

Compilation events (20 events):
Event: 272.365 Thread 0x000001f0f91881a0 nmethod 10292 0x000001f0e459b190 code [0x000001f0e459b340, 0x000001f0e459b570]
Event: 272.369 Thread 0x000001f0f91881a0 10294       3       org.postgresql.core.v3.SimpleParameterList::hasUnresolvedTypes (35 bytes)
Event: 272.369 Thread 0x000001f0f91881a0 nmethod 10294 0x000001f0e459b610 code [0x000001f0e459b7c0, 0x000001f0e459b9f8]
Event: 272.369 Thread 0x000001f0f91881a0 10295       3       org.postgresql.core.v3.QueryExecutorImpl::sendExecute (140 bytes)
Event: 272.371 Thread 0x000001f0f91881a0 nmethod 10295 0x000001f0e459bb10 code [0x000001f0e459bde0, 0x000001f0e459d0d0]
Event: 272.375 Thread 0x000001f0f91881a0 10296   !   3       org.apache.coyote.AbstractProcessor::action (1081 bytes)
Event: 272.387 Thread 0x000001f0f91881a0 nmethod 10296 0x000001f0e459d710 code [0x000001f0e459e540, 0x000001f0e45a8758]
Event: 272.388 Thread 0x000001f0f91881a0 10298       3       org.apache.catalina.connector.RequestFacade::removeAttribute (13 bytes)
Event: 272.388 Thread 0x000001f0f91881a0 nmethod 10298 0x000001f0e45aae90 code [0x000001f0e45ab060, 0x000001f0e45ab388]
Event: 272.388 Thread 0x000001f0f91881a0 10297       3       org.hibernate.resource.jdbc.internal.ResourceRegistryStandardImpl::closeAll (19 bytes)
Event: 272.389 Thread 0x000001f0f91881a0 nmethod 10297 0x000001f0e45ab510 code [0x000001f0e45ab6e0, 0x000001f0e45abb60]
Event: 272.400 Thread 0x000001f0f9187b00 nmethod 10285 0x000001f0eb4f1210 code [0x000001f0eb4f1580, 0x000001f0eb4f2b40]
Event: 272.400 Thread 0x000001f0f9187b00 10293       4       org.jboss.logging.Logger::isTraceEnabled (8 bytes)
Event: 272.407 Thread 0x000001f0f9187b00 nmethod 10293 0x000001f0eb4f3a10 code [0x000001f0eb4f3c60, 0x000001f0eb4f4170]
Event: 272.407 Thread 0x000001f0f9187b00 10286       4       org.hibernate.engine.internal.StatefulPersistenceContext::claimEntityHolderIfPossible (191 bytes)
Event: 272.433 Thread 0x000001f0c22fc9c0 nmethod 10261 0x000001f0eb4f4790 code [0x000001f0eb4f4b00, 0x000001f0eb4f6f98]
Event: 272.433 Thread 0x000001f0c22fc9c0 10291       4       org.hibernate.engine.internal.AbstractEntityEntry::getCompressedValue (33 bytes)
Event: 272.435 Thread 0x000001f0c22fc9c0 nmethod 10291 0x000001f0eb4f8110 code [0x000001f0eb4f82a0, 0x000001f0eb4f83b8]
Event: 272.435 Thread 0x000001f0c22fc9c0 10260       4       org.hibernate.sql.results.graph.entity.internal.EntityAssembler::assemble (20 bytes)
Event: 272.436 Thread 0x000001f0c22fc9c0 nmethod 10260 0x000001f0eb4f8510 code [0x000001f0eb4f86a0, 0x000001f0eb4f8788]

GC Heap History (20 events):
Event: 2.757 GC heap before
{Heap before GC invocations=6 (full 0):
 garbage-first heap   total 61440K, used 45355K [0x0000000724e00000, 0x0000000800000000)
  region size 2048K, 15 young (30720K), 2 survivors (4096K)
 Metaspace       used 33512K, committed 33984K, reserved 1114112K
  class space    used 4217K, committed 4416K, reserved 1048576K
}
Event: 2.760 GC heap after
{Heap after GC invocations=7 (full 0):
 garbage-first heap   total 73728K, used 21172K [0x0000000724e00000, 0x0000000800000000)
  region size 2048K, 2 young (4096K), 2 survivors (4096K)
 Metaspace       used 33512K, committed 33984K, reserved 1114112K
  class space    used 4217K, committed 4416K, reserved 1048576K
}
Event: 2.947 GC heap before
{Heap before GC invocations=7 (full 0):
 garbage-first heap   total 73728K, used 29364K [0x0000000724e00000, 0x0000000800000000)
  region size 2048K, 7 young (14336K), 2 survivors (4096K)
 Metaspace       used 35454K, committed 35968K, reserved 1114112K
  class space    used 4466K, committed 4672K, reserved 1048576K
}
Event: 2.950 GC heap after
{Heap after GC invocations=8 (full 0):
 garbage-first heap   total 73728K, used 22064K [0x0000000724e00000, 0x0000000800000000)
  region size 2048K, 2 young (4096K), 2 survivors (4096K)
 Metaspace       used 35454K, committed 35968K, reserved 1114112K
  class space    used 4466K, committed 4672K, reserved 1048576K
}
Event: 3.689 GC heap before
{Heap before GC invocations=9 (full 0):
 garbage-first heap   total 73728K, used 56880K [0x0000000724e00000, 0x0000000800000000)
  region size 2048K, 20 young (40960K), 2 survivors (4096K)
 Metaspace       used 46426K, committed 47040K, reserved 1114112K
  class space    used 6031K, committed 6336K, reserved 1048576K
}
Event: 3.692 GC heap after
{Heap after GC invocations=10 (full 0):
 garbage-first heap   total 73728K, used 24482K [0x0000000724e00000, 0x0000000800000000)
  region size 2048K, 3 young (6144K), 3 survivors (6144K)
 Metaspace       used 46426K, committed 47040K, reserved 1114112K
  class space    used 6031K, committed 6336K, reserved 1048576K
}
Event: 4.221 GC heap before
{Heap before GC invocations=10 (full 0):
 garbage-first heap   total 73728K, used 59298K [0x0000000724e00000, 0x0000000800000000)
  region size 2048K, 20 young (40960K), 3 survivors (6144K)
 Metaspace       used 53831K, committed 54400K, reserved 1114112K
  class space    used 7019K, committed 7296K, reserved 1048576K
}
Event: 4.224 GC heap after
{Heap after GC invocations=11 (full 0):
 garbage-first heap   total 73728K, used 26395K [0x0000000724e00000, 0x0000000800000000)
  region size 2048K, 3 young (6144K), 3 survivors (6144K)
 Metaspace       used 53831K, committed 54400K, reserved 1114112K
  class space    used 7019K, committed 7296K, reserved 1048576K
}
Event: 4.613 GC heap before
{Heap before GC invocations=11 (full 0):
 garbage-first heap   total 73728K, used 57115K [0x0000000724e00000, 0x0000000800000000)
  region size 2048K, 19 young (38912K), 3 survivors (6144K)
 Metaspace       used 57358K, committed 57920K, reserved 1114112K
  class space    used 7586K, committed 7872K, reserved 1048576K
}
Event: 4.617 GC heap after
{Heap after GC invocations=12 (full 0):
 garbage-first heap   total 73728K, used 27520K [0x0000000724e00000, 0x0000000800000000)
  region size 2048K, 2 young (4096K), 2 survivors (4096K)
 Metaspace       used 57358K, committed 57920K, reserved 1114112K
  class space    used 7586K, committed 7872K, reserved 1048576K
}
Event: 4.811 GC heap before
{Heap before GC invocations=12 (full 0):
 garbage-first heap   total 73728K, used 45952K [0x0000000724e00000, 0x0000000800000000)
  region size 2048K, 12 young (24576K), 2 survivors (4096K)
 Metaspace       used 59691K, committed 60288K, reserved 1114112K
  class space    used 7914K, committed 8192K, reserved 1048576K
}
Event: 4.814 GC heap after
{Heap after GC invocations=13 (full 0):
 garbage-first heap   total 73728K, used 28388K [0x0000000724e00000, 0x0000000800000000)
  region size 2048K, 1 young (2048K), 1 survivors (2048K)
 Metaspace       used 59691K, committed 60288K, reserved 1114112K
  class space    used 7914K, committed 8192K, reserved 1048576K
}
Event: 5.756 GC heap before
{Heap before GC invocations=14 (full 0):
 garbage-first heap   total 73728K, used 65252K [0x0000000724e00000, 0x0000000800000000)
  region size 2048K, 19 young (38912K), 1 survivors (2048K)
 Metaspace       used 64776K, committed 65472K, reserved 1114112K
  class space    used 8610K, committed 8896K, reserved 1048576K
}
Event: 5.760 GC heap after
{Heap after GC invocations=15 (full 0):
 garbage-first heap   total 73728K, used 32939K [0x0000000724e00000, 0x0000000800000000)
  region size 2048K, 3 young (6144K), 3 survivors (6144K)
 Metaspace       used 64776K, committed 65472K, reserved 1114112K
  class space    used 8610K, committed 8896K, reserved 1048576K
}
Event: 6.172 GC heap before
{Heap before GC invocations=15 (full 0):
 garbage-first heap   total 73728K, used 57515K [0x0000000724e00000, 0x0000000800000000)
  region size 2048K, 16 young (32768K), 3 survivors (6144K)
 Metaspace       used 69473K, committed 70144K, reserved 1114112K
  class space    used 9475K, committed 9792K, reserved 1048576K
}
Event: 6.180 GC heap after
{Heap after GC invocations=16 (full 0):
 garbage-first heap   total 73728K, used 35100K [0x0000000724e00000, 0x0000000800000000)
  region size 2048K, 2 young (4096K), 2 survivors (4096K)
 Metaspace       used 69473K, committed 70144K, reserved 1114112K
  class space    used 9475K, committed 9792K, reserved 1048576K
}
Event: 6.430 GC heap before
{Heap before GC invocations=16 (full 0):
 garbage-first heap   total 73728K, used 61724K [0x0000000724e00000, 0x0000000800000000)
  region size 2048K, 15 young (30720K), 2 survivors (4096K)
 Metaspace       used 71570K, committed 72256K, reserved 1114112K
  class space    used 9714K, committed 9984K, reserved 1048576K
}
Event: 6.434 GC heap after
{Heap after GC invocations=17 (full 0):
 garbage-first heap   total 90112K, used 37583K [0x0000000724e00000, 0x0000000800000000)
  region size 2048K, 2 young (4096K), 2 survivors (4096K)
 Metaspace       used 71570K, committed 72256K, reserved 1114112K
  class space    used 9714K, committed 9984K, reserved 1048576K
}
Event: 7.111 GC heap before
{Heap before GC invocations=17 (full 0):
 garbage-first heap   total 90112K, used 76495K [0x0000000724e00000, 0x0000000800000000)
  region size 2048K, 21 young (43008K), 2 survivors (4096K)
 Metaspace       used 76857K, committed 77632K, reserved 1179648K
  class space    used 10447K, committed 10816K, reserved 1048576K
}
Event: 7.115 GC heap after
{Heap after GC invocations=18 (full 0):
 garbage-first heap   total 90112K, used 41788K [0x0000000724e00000, 0x0000000800000000)
  region size 2048K, 3 young (6144K), 3 survivors (6144K)
 Metaspace       used 76857K, committed 77632K, reserved 1179648K
  class space    used 10447K, committed 10816K, reserved 1048576K
}

Dll operation events (14 events):
Event: 0.008 Loaded shared library C:\Program Files\Java\jdk-21\bin\java.dll
Event: 0.036 Loaded shared library C:\Program Files\Java\jdk-21\bin\jsvml.dll
Event: 0.111 Loaded shared library C:\Program Files\Java\jdk-21\bin\zip.dll
Event: 0.114 Loaded shared library C:\Program Files\Java\jdk-21\bin\instrument.dll
Event: 0.118 Loaded shared library C:\Program Files\Java\jdk-21\bin\net.dll
Event: 0.119 Loaded shared library C:\Program Files\Java\jdk-21\bin\nio.dll
Event: 0.122 Loaded shared library C:\Program Files\Java\jdk-21\bin\zip.dll
Event: 0.209 Loaded shared library D:\IntelliJ IDEA Community Edition 2024.1.4\bin\breakgen64.dll
Event: 0.218 Loaded shared library C:\Program Files\Java\jdk-21\bin\extnet.dll
Event: 0.229 Loaded shared library C:\Program Files\Java\jdk-21\bin\verify.dll
Event: 0.236 Loaded shared library C:\Program Files\Java\jdk-21\bin\jimage.dll
Event: 1.305 Loaded shared library C:\Program Files\Java\jdk-21\bin\sunmscapi.dll
Event: 2.635 Loaded shared library C:\Program Files\Java\jdk-21\bin\management.dll
Event: 2.637 Loaded shared library C:\Program Files\Java\jdk-21\bin\management_ext.dll

Deoptimization events (20 events):
Event: 246.209 Thread 0x000001f0cb1eed90 Uncommon trap: trap_request=0xffffffc6 fr.pc=0x000001f0eb479ab8 relative=0x0000000000000e98
Event: 246.209 Thread 0x000001f0cb1eed90 Uncommon trap: reason=bimorphic_or_optimized_type_check action=maybe_recompile pc=0x000001f0eb479ab8 method=org.hibernate.sql.results.jdbc.internal.JdbcValuesResultSetImpl.getCurrentRowValue(I)Ljava/lang/Object; @ 56 c2
Event: 246.209 Thread 0x000001f0cb1eed90 DEOPT PACKING pc=0x000001f0eb479ab8 sp=0x000000aa60bf92d0
Event: 246.209 Thread 0x000001f0cb1eed90 DEOPT UNPACKING pc=0x000001f0ea8f46a2 sp=0x000000aa60bf9278 mode 2
Event: 246.209 Thread 0x000001f0cb1eed90 Uncommon trap: trap_request=0xffffffc6 fr.pc=0x000001f0eb470d0c relative=0x000000000000120c
Event: 246.209 Thread 0x000001f0cb1eed90 Uncommon trap: reason=bimorphic_or_optimized_type_check action=maybe_recompile pc=0x000001f0eb470d0c method=org.hibernate.sql.results.jdbc.internal.JdbcValuesResultSetImpl.getCurrentRowValue(I)Ljava/lang/Object; @ 56 c2
Event: 246.209 Thread 0x000001f0cb1eed90 DEOPT PACKING pc=0x000001f0eb470d0c sp=0x000000aa60bf9150
Event: 246.209 Thread 0x000001f0cb1eed90 DEOPT UNPACKING pc=0x000001f0ea8f46a2 sp=0x000000aa60bf8fc0 mode 2
Event: 246.209 Thread 0x000001f0cb1eed90 Uncommon trap: trap_request=0xffffffc6 fr.pc=0x000001f0eb470d0c relative=0x000000000000120c
Event: 246.209 Thread 0x000001f0cb1eed90 Uncommon trap: reason=bimorphic_or_optimized_type_check action=maybe_recompile pc=0x000001f0eb470d0c method=org.hibernate.sql.results.jdbc.internal.JdbcValuesResultSetImpl.getCurrentRowValue(I)Ljava/lang/Object; @ 56 c2
Event: 246.209 Thread 0x000001f0cb1eed90 DEOPT PACKING pc=0x000001f0eb470d0c sp=0x000000aa60bf9150
Event: 246.209 Thread 0x000001f0cb1eed90 DEOPT UNPACKING pc=0x000001f0ea8f46a2 sp=0x000000aa60bf8fc0 mode 2
Event: 246.209 Thread 0x000001f0cb1eed90 Uncommon trap: trap_request=0xffffffc6 fr.pc=0x000001f0eb470d0c relative=0x000000000000120c
Event: 246.209 Thread 0x000001f0cb1eed90 Uncommon trap: reason=bimorphic_or_optimized_type_check action=maybe_recompile pc=0x000001f0eb470d0c method=org.hibernate.sql.results.jdbc.internal.JdbcValuesResultSetImpl.getCurrentRowValue(I)Ljava/lang/Object; @ 56 c2
Event: 246.209 Thread 0x000001f0cb1eed90 DEOPT PACKING pc=0x000001f0eb470d0c sp=0x000000aa60bf9150
Event: 246.209 Thread 0x000001f0cb1eed90 DEOPT UNPACKING pc=0x000001f0ea8f46a2 sp=0x000000aa60bf8fc0 mode 2
Event: 246.210 Thread 0x000001f0cb1eed90 Uncommon trap: trap_request=0xffffffc6 fr.pc=0x000001f0eb479ab8 relative=0x0000000000000e98
Event: 246.210 Thread 0x000001f0cb1eed90 Uncommon trap: reason=bimorphic_or_optimized_type_check action=maybe_recompile pc=0x000001f0eb479ab8 method=org.hibernate.sql.results.jdbc.internal.JdbcValuesResultSetImpl.getCurrentRowValue(I)Ljava/lang/Object; @ 56 c2
Event: 246.210 Thread 0x000001f0cb1eed90 DEOPT PACKING pc=0x000001f0eb479ab8 sp=0x000000aa60bf9080
Event: 246.210 Thread 0x000001f0cb1eed90 DEOPT UNPACKING pc=0x000001f0ea8f46a2 sp=0x000000aa60bf9028 mode 2

Classes loaded (20 events):
Event: 10.913 Loading class java/nio/channels/spi/AbstractSelectionKey done
Event: 10.913 Loading class sun/nio/ch/SelectionKeyImpl done
Event: 10.913 Loading class java/lang/invoke/ConstantBootstraps
Event: 10.914 Loading class java/lang/invoke/ConstantBootstraps done
Event: 11.160 Loading class java/time/format/DateTimeFormatterBuilder$ZoneTextPrinterParser
Event: 11.160 Loading class java/time/format/DateTimeFormatterBuilder$ZoneTextPrinterParser done
Event: 11.160 Loading class java/time/format/DateTimeFormatterBuilder$ReducedPrinterParser
Event: 11.160 Loading class java/time/format/DateTimeFormatterBuilder$ReducedPrinterParser done
Event: 11.173 Loading class java/util/AbstractMap$SimpleEntry
Event: 11.173 Loading class java/util/AbstractMap$SimpleEntry done
Event: 11.191 Loading class java/util/stream/LongStream
Event: 11.192 Loading class java/util/stream/LongStream done
Event: 11.192 Loading class java/util/stream/DoubleStream
Event: 11.192 Loading class java/util/stream/DoubleStream done
Event: 11.209 Loading class org/w3c/dom/Node
Event: 11.209 Loading class org/w3c/dom/Node done
Event: 11.209 Loading class org/w3c/dom/Document
Event: 11.209 Loading class org/w3c/dom/Document done
Event: 232.708 Loading class java/util/concurrent/locks/ReentrantReadWriteLock$Sync$HoldCounter
Event: 232.709 Loading class java/util/concurrent/locks/ReentrantReadWriteLock$Sync$HoldCounter done

Classes unloaded (0 events):
No events

Classes redefined (0 events):
No events

Internal exceptions (20 events):
Event: 5.501 Thread 0x000001f0daef8c70 Exception <a 'java/lang/IncompatibleClassChangeError'{0x0000000727e10838}: Found class java.lang.Object, but interface was expected> (0x0000000727e10838) 
thrown [s\open\src\hotspot\share\interpreter\linkResolver.cpp, line 840]
Event: 5.523 Thread 0x000001f0daef8c70 Exception <a 'java/lang/IncompatibleClassChangeError'{0x0000000727f6bff0}: Found class java.lang.Object, but interface was expected> (0x0000000727f6bff0) 
thrown [s\open\src\hotspot\share\interpreter\linkResolver.cpp, line 840]
Event: 5.708 Thread 0x000001f0daef8c70 Exception <a 'java/lang/IncompatibleClassChangeError'{0x00000007272a2c30}: Found class java.lang.Object, but interface was expected> (0x00000007272a2c30) 
thrown [s\open\src\hotspot\share\interpreter\linkResolver.cpp, line 840]
Event: 6.357 Thread 0x000001f0daef8c70 Exception <a 'java/lang/NoSuchMethodError'{0x00000007282a4ba0}: 'java.lang.Object java.lang.invoke.DirectMethodHandle$Holder.newInvokeSpecial(java.lang.Object, java.lang.Object, java.lang.Object, java.lang.Object, java.lang.Object, java.lang.Object, java.lang.Object, java.lang.Object)'> (0x00000007282a4ba0) 
thrown [s\open\src\hotspot\share\interpreter\linkResolver.cpp, line 773]
Event: 6.466 Thread 0x000001f0daef8c70 Exception <a 'java/lang/NoSuchMethodError'{0x00000007328e8170}: 'java.lang.Object java.lang.invoke.DirectMethodHandle$Holder.invokeVirtual(java.lang.Object, java.lang.Object, java.lang.Object, java.lang.Object, java.lang.Object, java.lang.Object, java.lang.Object)'> (0x00000007328e8170) 
thrown [s\open\src\hotspot\share\interpreter\linkResolver.cpp, line 773]
Event: 6.785 Thread 0x000001f0daef8c70 Exception <a 'java/lang/IncompatibleClassChangeError'{0x0000000729323f08}: Found class java.lang.Object, but interface was expected> (0x0000000729323f08) 
thrown [s\open\src\hotspot\share\interpreter\linkResolver.cpp, line 840]
Event: 6.805 Thread 0x000001f0daef8c70 Implicit null exception at 0x000001f0eafebde8 to 0x000001f0eafec054
Event: 6.826 Thread 0x000001f0daef8c70 Exception <a 'java/lang/NoSuchMethodError'{0x000000072913f190}: 'java.lang.Object java.lang.invoke.DirectMethodHandle$Holder.invokeInterface(java.lang.Object, java.lang.Object, java.lang.Object, java.lang.Object)'> (0x000000072913f190) 
thrown [s\open\src\hotspot\share\interpreter\linkResolver.cpp, line 773]
Event: 6.873 Thread 0x000001f0daef8c70 Exception <a 'java/lang/NoSuchMethodError'{0x0000000728f139d8}: 'void java.lang.invoke.DirectMethodHandle$Holder.invokeVirtual(java.lang.Object, java.lang.Object, long)'> (0x0000000728f139d8) 
thrown [s\open\src\hotspot\share\interpreter\linkResolver.cpp, line 773]
Event: 6.972 Thread 0x000001f0daef8c70 Exception <a 'java/lang/NoSuchMethodError'{0x00000007288ba510}: 'java.lang.Object java.lang.invoke.DirectMethodHandle$Holder.invokeVirtual(java.lang.Object, java.lang.Object, java.lang.Object, java.lang.Object, java.lang.Object, java.lang.Object, java.lang.Object, java.lang.Object, java.lang.Object)'> (0x00000007288ba510) 
thrown [s\open\src\hotspot\share\interpreter\linkResolver.cpp, line 773]
Event: 7.004 Thread 0x000001f0daef8c70 Exception <a 'java/lang/NoSuchMethodError'{0x0000000728623128}: 'java.lang.Object java.lang.invoke.DirectMethodHandle$Holder.invokeVirtual(java.lang.Object, java.lang.Object, java.lang.Object, java.lang.Object, java.lang.Object, java.lang.Object, java.lang.Object, java.lang.Object, java.lang.Object, java.lang.Object)'> (0x0000000728623128) 
thrown [s\open\src\hotspot\share\interpreter\linkResolver.cpp, line 773]
Event: 7.039 Thread 0x000001f0daef8c70 Exception <a 'java/lang/IncompatibleClassChangeError'{0x000000072841eab0}: Found class java.lang.Object, but interface was expected> (0x000000072841eab0) 
thrown [s\open\src\hotspot\share\interpreter\linkResolver.cpp, line 840]
Event: 7.120 Thread 0x000001f0daef8c70 Exception <a 'java/lang/NoSuchMethodError'{0x0000000732859920}: 'java.lang.Object java.lang.invoke.DirectMethodHandle$Holder.newInvokeSpecial(java.lang.Object, java.lang.Object, int, java.lang.Object, java.lang.Object)'> (0x0000000732859920) 
thrown [s\open\src\hotspot\share\interpreter\linkResolver.cpp, line 773]
Event: 10.950 Thread 0x000001f0feacc720 Exception <a 'java/lang/NoSuchMethodError'{0x000000072f6effe0}: 'java.lang.Object java.lang.invoke.DirectMethodHandle$Holder.invokeSpecial(java.lang.Object, java.lang.Object, java.lang.Object, java.lang.Object, java.lang.Object, long)'> (0x000000072f6effe0) 
thrown [s\open\src\hotspot\share\interpreter\linkResolver.cpp, line 773]
Event: 10.950 Thread 0x000001f0feacc720 Exception <a 'java/lang/NoSuchMethodError'{0x000000072f6f3768}: 'java.lang.Object java.lang.invoke.Invokers$Holder.linkToTargetMethod(java.lang.Object, java.lang.Object, java.lang.Object, long, java.lang.Object)'> (0x000000072f6f3768) 
thrown [s\open\src\hotspot\share\interpreter\linkResolver.cpp, line 773]
Event: 11.061 Thread 0x000001f0cb1f0140 Exception <a 'java/lang/NoSuchMethodError'{0x000000072f2b7c28}: 'java.lang.Object java.lang.invoke.DirectMethodHandle$Holder.invokeInterface(java.lang.Object, java.lang.Object, java.lang.Object, java.lang.Object, java.lang.Object)'> (0x000000072f2b7c28) 
thrown [s\open\src\hotspot\share\interpreter\linkResolver.cpp, line 773]
Event: 11.068 Thread 0x000001f0cb1f0140 Exception <a 'java/lang/NoSuchMethodError'{0x000000072f302a70}: 'void java.lang.invoke.DirectMethodHandle$Holder.invokeSpecialIFC(java.lang.Object, java.lang.Object, int, java.lang.Object, java.lang.Object, java.lang.Object, java.lang.Object)'> (0x000000072f302a70) 
thrown [s\open\src\hotspot\share\interpreter\linkResolver.cpp, line 773]
Event: 232.805 Thread 0x000001f0cb1efab0 Exception <a 'java/lang/IncompatibleClassChangeError'{0x00000007297c01f0}: Found class java.lang.Object, but interface was expected> (0x00000007297c01f0) 
thrown [s\open\src\hotspot\share\interpreter\linkResolver.cpp, line 840]
Event: 232.805 Thread 0x000001f0cb1eccc0 Exception <a 'java/lang/IncompatibleClassChangeError'{0x0000000729410fd0}: Found class java.lang.Object, but interface was expected> (0x0000000729410fd0) 
thrown [s\open\src\hotspot\share\interpreter\linkResolver.cpp, line 840]
Event: 232.855 Thread 0x000001f0cb1eccc0 Exception <a 'java/lang/IncompatibleClassChangeError'{0x00000007295a4f18}: Found class java.lang.Object, but interface was expected> (0x00000007295a4f18) 
thrown [s\open\src\hotspot\share\interpreter\linkResolver.cpp, line 840]

ZGC Phase Switch (0 events):
No events

VM Operations (20 events):
Event: 233.127 Executing VM operation: ICBufferFull
Event: 233.127 Executing VM operation: ICBufferFull done
Event: 234.131 Executing VM operation: Cleanup
Event: 234.131 Executing VM operation: Cleanup done
Event: 240.435 Executing VM operation: HandshakeAllThreads (HandshakeForDeflation)
Event: 240.435 Executing VM operation: HandshakeAllThreads (HandshakeForDeflation) done
Event: 240.435 Executing VM operation: RendezvousGCThreads
Event: 240.435 Executing VM operation: RendezvousGCThreads done
Event: 246.225 Executing VM operation: HandshakeAllThreads (Deoptimize)
Event: 246.225 Executing VM operation: HandshakeAllThreads (Deoptimize) done
Event: 246.225 Executing VM operation: Cleanup
Event: 246.225 Executing VM operation: Cleanup done
Event: 247.240 Executing VM operation: Cleanup
Event: 247.240 Executing VM operation: Cleanup done
Event: 249.263 Executing VM operation: Cleanup
Event: 249.263 Executing VM operation: Cleanup done
Event: 252.294 Executing VM operation: Cleanup
Event: 252.295 Executing VM operation: Cleanup done
Event: 253.304 Executing VM operation: Cleanup
Event: 253.304 Executing VM operation: Cleanup done

Events (20 events):
Event: 7.155 Thread 0x000001f0daef8c70 Thread exited: 0x000001f0daef8c70
Event: 7.155 Thread 0x000001f0fea2d130 Thread added: 0x000001f0fea2d130
Event: 9.270 Thread 0x000001f0feacba00 Thread exited: 0x000001f0feacba00
Event: 10.941 Thread 0x000001f0c468a900 Thread exited: 0x000001f0c468a900
Event: 10.952 Thread 0x000001f0f9d00e60 Thread exited: 0x000001f0f9d00e60
Event: 11.245 Thread 0x000001f0c468a900 Thread added: 0x000001f0c468a900
Event: 12.734 Thread 0x000001f0c468a900 Thread exited: 0x000001f0c468a900
Event: 232.857 Thread 0x000001f0c30c3e30 Thread added: 0x000001f0c30c3e30
Event: 232.863 Thread 0x000001f0c1e8c400 Thread added: 0x000001f0c1e8c400
Event: 238.274 Thread 0x000001f0c1e8c400 Thread exited: 0x000001f0c1e8c400
Event: 242.177 Thread 0x000001f0c30c3e30 Thread exited: 0x000001f0c30c3e30
Event: 246.247 Thread 0x000001f0c1fc89f0 Thread added: 0x000001f0c1fc89f0
Event: 246.247 Thread 0x000001f0ff279c90 Thread added: 0x000001f0ff279c90
Event: 247.282 Thread 0x000001f0ff279c90 Thread exited: 0x000001f0ff279c90
Event: 248.283 Thread 0x000001f0c1fc89f0 Thread exited: 0x000001f0c1fc89f0
Event: 248.634 Thread 0x000001f0c1fc89f0 Thread added: 0x000001f0c1fc89f0
Event: 248.634 Thread 0x000001f0c22fc9c0 Thread added: 0x000001f0c22fc9c0
Event: 250.789 Thread 0x000001f0c22fc9c0 Thread exited: 0x000001f0c22fc9c0
Event: 251.602 Thread 0x000001f0c1fc89f0 Thread exited: 0x000001f0c1fc89f0
Event: 272.356 Thread 0x000001f0c22fc9c0 Thread added: 0x000001f0c22fc9c0


Dynamic libraries:
0x00007ff6aaa00000 - 0x00007ff6aaa10000 	C:\Program Files\Java\jdk-21\bin\java.exe
0x00007ff834070000 - 0x00007ff834287000 	C:\Windows\SYSTEM32\ntdll.dll
0x00007ff832cb0000 - 0x00007ff832d74000 	C:\Windows\System32\KERNEL32.DLL
0x00007ff8315d0000 - 0x00007ff831989000 	C:\Windows\System32\KERNELBASE.dll
0x00007ff831370000 - 0x00007ff831481000 	C:\Windows\System32\ucrtbase.dll
0x00007ff82c820000 - 0x00007ff82c839000 	C:\Program Files\Java\jdk-21\bin\jli.dll
0x00007ff81f390000 - 0x00007ff81f3ab000 	C:\Program Files\Java\jdk-21\bin\VCRUNTIME140.dll
0x00007ff833db0000 - 0x00007ff833e62000 	C:\Windows\System32\ADVAPI32.dll
0x00007ff8334d0000 - 0x00007ff833577000 	C:\Windows\System32\msvcrt.dll
0x00007ff8337a0000 - 0x00007ff833847000 	C:\Windows\System32\sechost.dll
0x00007ff831990000 - 0x00007ff8319b8000 	C:\Windows\System32\bcrypt.dll
0x00007ff833c90000 - 0x00007ff833da4000 	C:\Windows\System32\RPCRT4.dll
0x00007ff8335f0000 - 0x00007ff83379e000 	C:\Windows\System32\USER32.dll
0x00007ff831490000 - 0x00007ff8314b6000 	C:\Windows\System32\win32u.dll
0x00007ff81c930000 - 0x00007ff81cbc2000 	C:\Windows\WinSxS\amd64_microsoft.windows.common-controls_6595b64144ccf1df_6.0.22621.4391_none_2715d37f73803e96\COMCTL32.dll
0x00007ff832c80000 - 0x00007ff832ca9000 	C:\Windows\System32\GDI32.dll
0x00007ff8319c0000 - 0x00007ff831adb000 	C:\Windows\System32\gdi32full.dll
0x00007ff831530000 - 0x00007ff8315ca000 	C:\Windows\System32\msvcp_win.dll
0x00007ff82cda0000 - 0x00007ff82cdaa000 	C:\Windows\SYSTEM32\VERSION.dll
0x00007ff832e60000 - 0x00007ff832e91000 	C:\Windows\System32\IMM32.DLL
0x00007ff82c810000 - 0x00007ff82c81c000 	C:\Program Files\Java\jdk-21\bin\vcruntime140_1.dll
0x00007ff800d70000 - 0x00007ff800dfe000 	C:\Program Files\Java\jdk-21\bin\msvcp140.dll
0x00007fffcd860000 - 0x00007fffce578000 	C:\Program Files\Java\jdk-21\bin\server\jvm.dll
0x00007ff832ea0000 - 0x00007ff832f11000 	C:\Windows\System32\WS2_32.dll
0x00007ff831240000 - 0x00007ff83128d000 	C:\Windows\SYSTEM32\POWRPROF.dll
0x00007ff82c7a0000 - 0x00007ff82c7d4000 	C:\Windows\SYSTEM32\WINMM.dll
0x00007ff831070000 - 0x00007ff831083000 	C:\Windows\SYSTEM32\UMPDC.dll
0x00007ff830380000 - 0x00007ff830398000 	C:\Windows\SYSTEM32\kernel.appcore.dll
0x00007ff82a000000 - 0x00007ff82a00a000 	C:\Program Files\Java\jdk-21\bin\jimage.dll
0x00007ff82e860000 - 0x00007ff82ea92000 	C:\Windows\SYSTEM32\DBGHELP.DLL
0x00007ff833850000 - 0x00007ff833bdf000 	C:\Windows\System32\combase.dll
0x00007ff832d80000 - 0x00007ff832e57000 	C:\Windows\System32\OLEAUT32.dll
0x00007ff826950000 - 0x00007ff826982000 	C:\Windows\SYSTEM32\dbgcore.DLL
0x00007ff831ae0000 - 0x00007ff831b5b000 	C:\Windows\System32\bcryptPrimitives.dll
0x00007ff826020000 - 0x00007ff82602f000 	C:\Program Files\Java\jdk-21\bin\instrument.dll
0x00007ff818d90000 - 0x00007ff818daf000 	C:\Program Files\Java\jdk-21\bin\java.dll
0x00007ff832310000 - 0x00007ff832b86000 	C:\Windows\System32\SHELL32.dll
0x00007ff82f260000 - 0x00007ff82fb63000 	C:\Windows\SYSTEM32\windows.storage.dll
0x00007ff82f120000 - 0x00007ff82f25f000 	C:\Windows\SYSTEM32\wintypes.dll
0x00007ff832f80000 - 0x00007ff833079000 	C:\Windows\System32\SHCORE.dll
0x00007ff832b90000 - 0x00007ff832bee000 	C:\Windows\System32\shlwapi.dll
0x00007ff8312a0000 - 0x00007ff8312cb000 	C:\Windows\SYSTEM32\profapi.dll
0x00007ffff8b70000 - 0x00007ffff8c47000 	C:\Program Files\Java\jdk-21\bin\jsvml.dll
0x00007ff815fa0000 - 0x00007ff815fb8000 	C:\Program Files\Java\jdk-21\bin\zip.dll
0x00007ff821210000 - 0x00007ff821220000 	C:\Program Files\Java\jdk-21\bin\net.dll
0x00007ff82deb0000 - 0x00007ff82dfe6000 	C:\Windows\SYSTEM32\WINHTTP.dll
0x00007ff830800000 - 0x00007ff830869000 	C:\Windows\system32\mswsock.dll
0x00007ff817d30000 - 0x00007ff817d46000 	C:\Program Files\Java\jdk-21\bin\nio.dll
0x00007ff80ae80000 - 0x00007ff80ae9a000 	D:\IntelliJ IDEA Community Edition 2024.1.4\bin\breakgen64.dll
0x00007ff821130000 - 0x00007ff821139000 	C:\Program Files\Java\jdk-21\bin\extnet.dll
0x00007ff820c50000 - 0x00007ff820c60000 	C:\Program Files\Java\jdk-21\bin\verify.dll
0x00007ff81a420000 - 0x00007ff81a42e000 	C:\Program Files\Java\jdk-21\bin\sunmscapi.dll
0x00007ff831c20000 - 0x00007ff831d86000 	C:\Windows\System32\CRYPT32.dll
0x00007ff830c90000 - 0x00007ff830cbd000 	C:\Windows\SYSTEM32\ncrypt.dll
0x00007ff830be0000 - 0x00007ff830c17000 	C:\Windows\SYSTEM32\NTASN1.dll
0x00007ff830a60000 - 0x00007ff830a7b000 	C:\Windows\SYSTEM32\CRYPTSP.dll
0x00007ff8302d0000 - 0x00007ff830305000 	C:\Windows\system32\rsaenh.dll
0x00007ff830900000 - 0x00007ff830928000 	C:\Windows\SYSTEM32\USERENV.dll
0x00007ff830a80000 - 0x00007ff830a8c000 	C:\Windows\SYSTEM32\CRYPTBASE.dll
0x00007ff82fe10000 - 0x00007ff82fe3d000 	C:\Windows\SYSTEM32\IPHLPAPI.DLL
0x00007ff8335d0000 - 0x00007ff8335d9000 	C:\Windows\System32\NSI.dll
0x00007ff81f4d0000 - 0x00007ff81f4da000 	C:\Program Files\Java\jdk-21\bin\management.dll
0x00007ff81cbd0000 - 0x00007ff81cbdb000 	C:\Program Files\Java\jdk-21\bin\management_ext.dll
0x00007ff8335e0000 - 0x00007ff8335e8000 	C:\Windows\System32\PSAPI.DLL
0x00007ff82fe90000 - 0x00007ff82ff92000 	C:\Windows\SYSTEM32\DNSAPI.dll
0x000000006f060000 - 0x000000006f086000 	C:\Program Files\Bonjour\mdnsNSP.dll
0x00007ff82cdb0000 - 0x00007ff82cdba000 	C:\Windows\System32\rasadhlp.dll
0x00007ff82cbe0000 - 0x00007ff82cc63000 	C:\Windows\System32\fwpuclnt.dll
0x00007ff829ff0000 - 0x00007ff829ff8000 	C:\Windows\system32\wshunix.dll

dbghelp: loaded successfully - version: 4.0.5 - missing functions: none
symbol engine: initialized successfully - sym options: 0x614 - pdb path: .;C:\Program Files\Java\jdk-21\bin;C:\Windows\SYSTEM32;C:\Windows\WinSxS\amd64_microsoft.windows.common-controls_6595b64144ccf1df_6.0.22621.4391_none_2715d37f73803e96;C:\Program Files\Java\jdk-21\bin\server;D:\IntelliJ IDEA Community Edition 2024.1.4\bin;C:\Program Files\Bonjour

VM Arguments:
jvm_args: -javaagent:D:\IntelliJ IDEA Community Edition 2024.1.4\lib\idea_rt.jar=50145:D:\IntelliJ IDEA Community Edition 2024.1.4\bin -Dfile.encoding=UTF-8 -Dsun.stdout.encoding=UTF-8 -Dsun.stderr.encoding=UTF-8 
java_command: com.capstoneproject.themeal.capstoneprojectApplication
java_class_path (initial): C:\Users\Admin\Documents\HK241\DACN\DACN_HK241\BE\target\classes;C:\Users\Admin\.m2\repository\org\springframework\boot\spring-boot-starter-data-jpa\3.3.1\spring-boot-starter-data-jpa-3.3.1.jar;C:\Users\Admin\.m2\repository\org\springframework\boot\spring-boot-starter-aop\3.3.1\spring-boot-starter-aop-3.3.1.jar;C:\Users\Admin\.m2\repository\org\springframework\spring-aop\6.1.10\spring-aop-6.1.10.jar;C:\Users\Admin\.m2\repository\org\aspectj\aspectjweaver\1.9.22\aspectjweaver-1.9.22.jar;C:\Users\Admin\.m2\repository\org\springframework\boot\spring-boot-starter-jdbc\3.3.1\spring-boot-starter-jdbc-3.3.1.jar;C:\Users\Admin\.m2\repository\com\zaxxer\HikariCP\5.1.0\HikariCP-5.1.0.jar;C:\Users\Admin\.m2\repository\org\springframework\spring-jdbc\6.1.10\spring-jdbc-6.1.10.jar;C:\Users\Admin\.m2\repository\org\hibernate\orm\hibernate-core\6.5.2.Final\hibernate-core-6.5.2.Final.jar;C:\Users\Admin\.m2\repository\jakarta\persistence\jakarta.persistence-api\3.1.0\jakarta.persistence-api-3.1.0.jar;C:\Users\Admin\.m2\repository\jakarta\transaction\jakarta.transaction-api\2.0.1\jakarta.transaction-api-2.0.1.jar;C:\Users\Admin\.m2\repository\org\jboss\logging\jboss-logging\3.5.3.Final\jboss-logging-3.5.3.Final.jar;C:\Users\Admin\.m2\repository\org\hibernate\common\hibernate-commons-annotations\6.0.6.Final\hibernate-commons-annotations-6.0.6.Final.jar;C:\Users\Admin\.m2\repository\io\smallrye\jandex\3.1.2\jandex-3.1.2.jar;C:\Users\Admin\.m2\repository\com\fasterxml\classmate\1.7.0\classmate-1.7.0.jar;C:\Users\Admin\.m2\repository\net\bytebuddy\byte-buddy\1.14.17\byte-buddy-1.14.17.jar;C:\Users\Admin\.m2\repository\jakarta\xml\bind\jakarta.xml.bind-api\4.0.2\jakarta.xml.bind-api-4.0.2.jar;C:\Users\Admin\.m2\repository\org\glassfish\jaxb\jaxb-runtime\4.0.5\jaxb-runtime-4.0.5.jar;C:\Users\Admin\.m2\repository\org\glassfish\jaxb\jaxb-core\4.0.5\jaxb-core-4.0.5.jar;C:\Users\Admin\.m2\repository\org\glassfish\jaxb\txw2\4.0.5\txw2-4.0.5.jar;C:\Users\Admin\.m2\repository\com\sun\istack\istack-commons-runtime\4.1.2\istack-commons-runtime-4.1.2.jar;C:\Users\Admin\.m2\repository\jakarta\inject\jakarta.inject-api\2.0.1\jakarta.inject-api-2.0.1.jar;C:\Users\Admin\.m2\repository\org\antlr\antlr4-runtime\4.13.0\antlr4-runtime-4.13.0.jar;C:\Users\Admin\.m2\repository\org\springframework\data\spring-data-jpa\3.3.1\spring-data-jpa-3.3.1.jar;C:\Users\Admin\.m2\repository\org\springframework\data\spring-data-commons\3.3.1\spring-data-commons-3.3.1.jar;C:\Users\Admin\.m2\repository\org\springframework\spring-orm\6.1.10\spring-orm-6.1.10.jar;C:\Users\Admin\.m2\repository\org\springframework\spring-tx\6.1.10\spring-tx-6.1.10.jar;C:\Users\Admin\.m2\repository\jakarta\annotation\jakarta.annotation-api\2.1.1\jakarta.annotation-api-2.1.1.jar;C:\Users\Admin\.m2\repository\org\slf4j\slf4j-api\2.0.13\slf4j-api-2.0.13.jar;C:\Users\Admin\.m2\repository\org\springframework\spring-aspects\6.1.10\spring-aspects-6.1.10.jar;C:\Users\Admin\.m2\repository\org\springframework\boot\spring-boot-starter-web\3.3.1\spring-boot-starter-web-3.3.1.jar;C:\Users\Admin\.m2\repository\org\springframework\boot\spring-boot-starter\3.3.1\spring-boot-starter-3.3.1.jar;C:\Users\Admin\.m2\repository\org\springframework\boot\spring-boot\3.3.1\spring-boot-3.3.1.jar;C:\Users\Admin\.m2\repository\org\springframework\boot\spring-boot-autoconfigure\3.3.1\spring-boot-autoconfigure-3.3.1.jar;C:\Users\Admin\.m2\repository\org\springframework\boot\spring-boot-starter-logging\3.3.1\spring-boot-starter-logging-3.3.1.jar;C:\Users\Admin\.m2\repository\ch\qos\logback\logback-classic\1.5.6\logback-classic-1.5.6.jar;C:\Users\Admin\.m2\repository\ch\qos\logback\logback-core\1.5.6\logback-core-1.5.6.jar;C:\Users\Admin\.m2\repository\org\apache\logging\log4j\log4j-to-slf4j\2.23.1\log4j-to-slf4j-2.23.1.jar;C:\Users\Admin\.m2\repository\org\apache\logging\log4j\log4j-api\2.23.1\log4j-api-2.23.1.jar;C:\Users\Admin\.m2\repository\org\slf4j\jul-to-slf4j\2.0.13\jul-to-slf4j-2.0.13.jar;C:\Users\Admin\.m2\repository\org\yaml\snakeyaml\2.2\snakeyaml-2.2.jar;C:\Users\Admin\.m2\repository\org\springframework\boot\spring-boot-starter-json\3.3.1\spring-boot-starter-json-3.3.1.jar;C:\Users\Admin\.m2\repository\com\fasterxml\jackson\datatype\jackson-datatype-jdk8\2.17.1\jackson-datatype-jdk8-2.17.1.jar;C:\Users\Admin\.m2\repository\com\fasterxml\jackson\datatype\jackson-datatype-jsr310\2.17.1\jackson-datatype-jsr310-2.17.1.jar;C:\Users\Admin\.m2\repository\com\fasterxml\jackson\module\jackson-module-parameter-names\2.17.1\jackson-module-parameter-names-2.17.1.jar;C:\Users\Admin\.m2\repository\org\springframework\boot\spring-boot-starter-tomcat\3.3.1\spring-boot-starter-tomcat-3.3.1.jar;C:\Users\Admin\.m2\repository\org\apache\tomcat\embed\tomcat-embed-core\10.1.25\tomcat-embed-core-10.1.25.jar;C:\Users\Admin\.m2\repository\org\apache\tomcat\embed\tomcat-embed-websocket\10.1.25\tomcat-embed-websocket-10.1.25.jar;C:\Users\Admin\.m2\repository\org\springframework\spring-web\6.1.10\spring-web-6.1.10.jar;C:\Users\Admin\.m2\repository\io\micrometer\micrometer-observation\1.13.1\micrometer-observation-1.13.1.jar;C:\Users\Admin\.m2\repository\io\micrometer\micrometer-commons\1.13.1\micrometer-commons-1.13.1.jar;C:\Users\Admin\.m2\repository\org\springframework\spring-webmvc\6.1.10\spring-webmvc-6.1.10.jar;C:\Users\Admin\.m2\repository\org\springframework\spring-expression\6.1.10\spring-expression-6.1.10.jar;C:\Users\Admin\.m2\repository\org\springframework\boot\spring-boot-starter-mail\3.3.1\spring-boot-starter-mail-3.3.1.jar;C:\Users\Admin\.m2\repository\org\springframework\spring-context-support\6.1.10\spring-context-support-6.1.10.jar;C:\Users\Admin\.m2\repository\org\eclipse\angus\jakarta.mail\2.0.3\jakarta.mail-2.0.3.jar;C:\Users\Admin\.m2\repository\jakarta\activation\jakarta.activation-api\2.1.3\jakarta.activation-api-2.1.3.jar;C:\Users\Admin\.m2\repository\org\eclipse\angus\angus-activation\2.0.2\angus-activation-2.0.2.jar;C:\Users\Admin\.m2\repository\org\springframework\boot\spring-boot-starter-validation\3.3.1\spring-boot-starter-validation-3.3.1.jar;C:\Users\Admin\.m2\repository\org\apache\tomcat\embed\tomcat-embed-el\10.1.25\tomcat-embed-el-10.1.25.jar;C:\Users\Admin\.m2\repository\org\hibernate\validator\hibernate-validator\8.0.1.Final\hibernate-validator-8.0.1.Final.jar;C:\Users\Admin\.m2\repository\jakarta\validation\jakarta.validation-api\3.0.2\jakarta.validation-api-3.0.2.jar;C:\Users\Admin\.m2\repository\org\springframework\boot\spring-boot-starter-thymeleaf\3.3.1\spring-boot-starter-thymeleaf-3.3.1.jar;C:\Users\Admin\.m2\repository\org\thymeleaf\thymeleaf-spring6\3.1.2.RELEASE\thymeleaf-spring6-3.1.2.RELEASE.jar;C:\Users\Admin\.m2\repository\org\thymeleaf\thymeleaf\3.1.2.RELEASE\thymeleaf-3.1.2.RELEASE.jar;C:\Users\Admin\.m2\repository\org\attoparser\attoparser\2.0.7.RELEASE\attoparser-2.0.7.RELEASE.jar;C:\Users\Admin\.m2\repository\org\unbescape\unbescape\1.1.6.RELEASE\unbescape-1.1.6.RELEASE.jar;C:\Users\Admin\.m2\repository\org\postgresql\postgresql\42.7.3\postgresql-42.7.3.jar;C:\Users\Admin\.m2\repository\org\checkerframework\checker-qual\3.42.0\checker-qual-3.42.0.jar;C:\Users\Admin\.m2\repository\org\projectlombok\lombok\1.18.30\lombok-1.18.30.jar;C:\Users\Admin\.m2\repository\org\mapstruct\mapstruct\1.5.5.Final\mapstruct-1.5.5.Final.jar;C:\Users\Admin\.m2\repository\org\modelmapper\modelmapper\3.0.0\modelmapper-3.0.0.jar;C:\Users\Admin\.m2\repository\org\springdoc\springdoc-openapi-starter-webmvc-ui\2.5.0\springdoc-openapi-starter-webmvc-ui-2.5.0.jar;C:\Users\Admin\.m2\repository\org\springdoc\springdoc-openapi-starter-webmvc-api\2.5.0\springdoc-openapi-starter-webmvc-api-2.5.0.jar;C:\Users\Admin\.m2\repository\org\springdoc\springdoc-openapi-starter-common\2.5.0\springdoc-openapi-starter-common-2.5.0.jar;C:\Users\Admin\.m2\repository\io\swagger\core\v3\swagger-core-jakarta\2.2.21\swagger-core-jakarta-2.2.21.jar;C:\Users\Admin\.m2\repository\io\swagger\core\v3\swagger-annotations-jakarta\2.2.21\swagger-annotations-jakarta-2.2.21.jar;C:\Users\Admin\.m2\repository\io\swagger\core\v3\swagger-models-jakarta\2.2.21\swagger-models-jakarta-2.2.21.jar;C:\Users\Admin\.m2\repository\com\fasterxml\jackson\dataformat\jackson-dataformat-yaml\2.17.1\jackson-dataformat-yaml-2.17.1.jar;C:\Users\Admin\.m2\repository\org\webjars\swagger-ui\5.13.0\swagger-ui-5.13.0.jar;C:\Users\Admin\.m2\repository\io\jsonwebtoken\jjwt-api\0.11.5\jjwt-api-0.11.5.jar;C:\Users\Admin\.m2\repository\io\jsonwebtoken\jjwt-impl\0.11.5\jjwt-impl-0.11.5.jar;C:\Users\Admin\.m2\repository\io\jsonwebtoken\jjwt-jackson\0.11.5\jjwt-jackson-0.11.5.jar;C:\Users\Admin\.m2\repository\com\fasterxml\jackson\core\jackson-databind\2.17.1\jackson-databind-2.17.1.jar;C:\Users\Admin\.m2\repository\com\fasterxml\jackson\core\jackson-annotations\2.17.1\jackson-annotations-2.17.1.jar;C:\Users\Admin\.m2\repository\com\fasterxml\jackson\core\jackson-core\2.17.1\jackson-core-2.17.1.jar;C:\Users\Admin\.m2\repository\com\cloudinary\cloudinary-http44\1.36.0\cloudinary-http44-1.36.0.jar;C:\Users\Admin\.m2\repository\com\cloudinary\cloudinary-core\1.36.0\cloudinary-core-1.36.0.jar;C:\Users\Admin\.m2\repository\org\apache\commons\commons-lang3\3.14.0\commons-lang3-3.14.0.jar;C:\Users\Admin\.m2\repository\org\apache\httpcomponents\httpclient\4.4\httpclient-4.4.jar;C:\Users\Admin\.m2\repository\org\apache\httpcomponents\httpcore\4.4.16\httpcore-4.4.16.jar;C:\Users\Admin\.m2\repository\commons-logging\commons-logging\1.2\commons-logging-1.2.jar;C:\Users\Admin\.m2\repository\org\apache\httpcomponents\httpmime\4.4\httpmime-4.4.jar;C:\Users\Admin\.m2\repository\org\springframework\security\oauth\spring-security-oauth2\2.5.2.RELEASE\spring-security-oauth2-2.5.2.RELEASE.jar;C:\Users\Admin\.m2\repository\org\springframework\spring-beans\6.1.10\spring-beans-6.1.10.jar;C:\Users\Admin\.m2\repository\org\springframework\spring-core\6.1.10\spring-core-6.1.10.jar;C:\Users\Admin\.m2\repository\org\springframework\spring-jcl\6.1.10\spring-jcl-6.1.10.jar;C:\Users\Admin\.m2\repository\org\springframework\spring-context\6.1.10\spring-context-6.1.10.jar;C:\Users\Admin\.m2\repository\org\springframework\security\spring-security-core\6.3.1\spring-security-core-6.3.1.jar;C:\Users\Admin\.m2\repository\org\springframework\security\spring-security-crypto\6.3.1\spring-security-crypto-6.3.1.jar;C:\Users\Admin\.m2\repository\org\springframework\security\spring-security-config\6.3.1\spring-security-config-6.3.1.jar;C:\Users\Admin\.m2\repository\org\springframework\security\spring-security-web\6.3.1\spring-security-web-6.3.1.jar;C:\Users\Admin\.m2\repository\commons-codec\commons-codec\1.16.1\commons-codec-1.16.1.jar
Launcher Type: SUN_STANDARD

[Global flags]
     intx CICompilerCount                          = 4                                         {product} {ergonomic}
     uint ConcGCThreads                            = 3                                         {product} {ergonomic}
     uint G1ConcRefinementThreads                  = 10                                        {product} {ergonomic}
   size_t G1HeapRegionSize                         = 2097152                                   {product} {ergonomic}
    uintx GCDrainStackTargetSize                   = 64                                        {product} {ergonomic}
   size_t InitialHeapSize                          = 230686720                                 {product} {ergonomic}
   size_t MarkStackSize                            = 4194304                                   {product} {ergonomic}
   size_t MaxHeapSize                              = 3676307456                                {product} {ergonomic}
   size_t MaxNewSize                               = 2204106752                                {product} {ergonomic}
   size_t MinHeapDeltaBytes                        = 2097152                                   {product} {ergonomic}
   size_t MinHeapSize                              = 8388608                                   {product} {ergonomic}
    uintx NonNMethodCodeHeapSize                   = 5839372                                {pd product} {ergonomic}
    uintx NonProfiledCodeHeapSize                  = 122909434                              {pd product} {ergonomic}
    uintx ProfiledCodeHeapSize                     = 122909434                              {pd product} {ergonomic}
    uintx ReservedCodeCacheSize                    = 251658240                              {pd product} {ergonomic}
     bool SegmentedCodeCache                       = true                                      {product} {ergonomic}
   size_t SoftMaxHeapSize                          = 3676307456                             {manageable} {ergonomic}
     bool UseCompressedOops                        = true                           {product lp64_product} {ergonomic}
     bool UseG1GC                                  = true                                      {product} {ergonomic}
     bool UseLargePagesIndividualAllocation        = false                                  {pd product} {ergonomic}

Logging:
Log output configuration:
 #0: stdout all=warning uptime,level,tags foldmultilines=false
 #1: stderr all=off uptime,level,tags foldmultilines=false

Environment Variables:
JAVA_HOME=C:\Program Files\Java\jdk-21
PATH=C:\Program Files\Java\jdk-21\bin;C:\Program Files\Python313\Scripts\;C:\Program Files\Python313\;C:\Program Files\Common Files\Oracle\Java\javapath;C:\Program Files\Python312\Scripts;C:\Program Files\Python312\;C:\Program Files (x86)\VMware\VMware Workstation\bin\;C:\Windows\system32;C:\Windows;C:\Windows\System32\Wbem;C:\Windows\System32\WindowsPowerShell\v1.0\;C:\Windows\System32\OpenSSH\;C:\MinGW\bin;C:\Program Files\Git\cmd;C:\Program Files\nodejs\;C:\Program Files\Java\jdk-11\bin;"C:\Program Files\Java\jre1.8.0_202"\bin;C:\Program Files (x86)\Microsoft SQL Server\160\Tools\Binn\;C:\Program Files\Microsoft SQL Server\160\Tools\Binn\;C:\Program Files\Microsoft SQL Server\Client SDK\ODBC\170\Tools\Binn\;C:\Program Files\Microsoft SQL Server\160\DTS\Binn\;C:\Program Files\Microsoft SQL Server\150\Tools\Binn\;C:\Program Files\dotnet\;C:\Program Files\Docker\Docker\resources\bin;C:\Program Files\MySQL\MySQL Shell 8.0\bin\;C:\Users\Admin\AppData\Local\Microsoft\WindowsApps;;C:\Users\Admin\AppData\Local\Programs\Microsoft VS Code\bin;C:\Users\Admin\AppData\Roaming\npm;C:\Program Files\JetBrains\PyCharm 2023.3.3\bin;;C:\ghcup\bin;C:\Users\Admin\.dotnet\tools
USERNAME=Admin
OS=Windows_NT
PROCESSOR_IDENTIFIER=AMD64 Family 25 Model 68 Stepping 1, AuthenticAMD
TMP=C:\Users\Admin\AppData\Local\Temp
TEMP=C:\Users\Admin\AppData\Local\Temp




Periodic native trim disabled

---------------  S Y S T E M  ---------------

OS:
 Windows 11 , 64 bit Build 22621 (10.0.22621.4391)
OS uptime: 2 days 13:31 hours
Hyper-V role detected

CPU: total 12 (initial active 12) (12 cores per cpu, 2 threads per core) family 25 model 68 stepping 1 microcode 0x0, cx8, cmov, fxsr, ht, mmx, 3dnowpref, sse, sse2, sse3, ssse3, sse4a, sse4.1, sse4.2, popcnt, lzcnt, tsc, tscinvbit, avx, avx2, aes, erms, clmul, bmi1, bmi2, adx, sha, fma, vzeroupper, clflush, clflushopt, hv, rdtscp, rdpid, fsrm, f16c, cet_ss
Processor Information for processor 0
  Max Mhz: 3301, Current Mhz: 3301, Mhz Limit: 3301
Processor Information for processor 1
  Max Mhz: 3301, Current Mhz: 2503, Mhz Limit: 3301
Processor Information for processor 2
  Max Mhz: 3301, Current Mhz: 2503, Mhz Limit: 3301
Processor Information for processor 3
  Max Mhz: 3301, Current Mhz: 3301, Mhz Limit: 3301
Processor Information for processor 4
  Max Mhz: 3301, Current Mhz: 3301, Mhz Limit: 3301
Processor Information for processor 5
  Max Mhz: 3301, Current Mhz: 3301, Mhz Limit: 3301
Processor Information for processor 6
  Max Mhz: 3301, Current Mhz: 3301, Mhz Limit: 3301
Processor Information for processor 7
  Max Mhz: 3301, Current Mhz: 2503, Mhz Limit: 3301
Processor Information for processor 8
  Max Mhz: 3301, Current Mhz: 2503, Mhz Limit: 3301
Processor Information for processor 9
  Max Mhz: 3301, Current Mhz: 2503, Mhz Limit: 3301
Processor Information for processor 10
  Max Mhz: 3301, Current Mhz: 2503, Mhz Limit: 3301
Processor Information for processor 11
  Max Mhz: 3301, Current Mhz: 2503, Mhz Limit: 3301

Memory: 4k page, system-wide physical 14020M (1560M free)
TotalPageFile size 34463M (AvailPageFile size 7M)
current process WorkingSet (physical memory assigned to process): 252M, peak: 336M
current process commit charge ("private bytes"): 349M, peak: 378M

vm_info: Java HotSpot(TM) 64-Bit Server VM (21.0.5+9-LTS-239) for windows-amd64 JRE (21.0.5+9-LTS-239), built on 2024-09-30T05:17:38Z by "mach5one" with MS VC++ 17.6 (VS2022)

END.
