#
# There is insufficient memory for the Java Runtime Environment to continue.
# Native memory allocation (mmap) failed to map 37748736 bytes. Error detail: G1 virtual space
# Possible reasons:
#   The system is out of physical RAM or swap space
#   This process is running with CompressedOops enabled, and the Java Heap may be blocking the growth of the native heap
# Possible solutions:
#   Reduce memory load on the system
#   Increase physical memory or swap space
#   Check if swap backing store is full
#   Decrease Java heap size (-Xmx/-Xms)
#   Decrease number of Java threads
#   Decrease Java thread stack sizes (-Xss)
#   Set larger code cache with -XX:ReservedCodeCacheSize=
#   JVM is running with Zero Based Compressed Oops mode in which the Java heap is
#     placed in the first 32GB address space. The Java Heap base address is the
#     maximum limit for the native heap growth. Please use -XX:HeapBaseMinAddress
#     to set the Java Heap base and to place the Java Heap above 32GB virtual address.
# This output file may be truncated or incomplete.
#
#  Out of Memory Error (os_windows.cpp:3707), pid=11764, tid=18280
#
# JRE version: Java(TM) SE Runtime Environment (23.0.2+7) (build 23.0.2+7-58)
# Java VM: Java HotSpot(TM) 64-Bit Server VM (23.0.2+7-58, mixed mode, emulated-client, sharing, tiered, compressed oops, compressed class ptrs, g1 gc, windows-amd64)
# No core dump will be written. Minidumps are not enabled by default on client versions of Windows
#

---------------  S U M M A R Y ------------

Command Line: -XX:TieredStopAtLevel=1 -Dspring.output.ansi.enabled=always -Dcom.sun.management.jmxremote -Dspring.jmx.enabled=true -Dspring.liveBeansView.mbeanDomain -Dspring.application.admin.enabled=true -Dmanagement.endpoints.jmx.exposure.include=* -javaagent:C:\Program Files\JetBrains\IntelliJ IDEA 2024.3.2\lib\idea_rt.jar=56211:C:\Program Files\JetBrains\IntelliJ IDEA 2024.3.2\bin -Dfile.encoding=UTF-8 -Dsun.stdout.encoding=UTF-8 -Dsun.stderr.encoding=UTF-8 com.capstoneproject.themeal.capstoneprojectApplication

Host: AMD Ryzen 5 6600HS Creator Edition             , 12 cores, 13G,  Windows 11 , 64 bit Build 26100 (10.0.26100.3037)
Time: Thu Feb 27 22:43:13 2025 SE Asia Standard Time elapsed time: 9.260190 seconds (0d 0h 0m 9s)

---------------  T H R E A D  ---------------

Current thread (0x000002109cea97e0):  VMThread "VM Thread"          [id=18280, stack(0x000000bb04100000,0x000000bb04200000) (1024K)]

Stack: [0x000000bb04100000,0x000000bb04200000]
Native frames: (J=compiled Java code, j=interpreted, Vv=VM code, C=native code)
V  [jvm.dll+0x6e0b99]  (no source info available)
V  [jvm.dll+0x87e2b3]  (no source info available)
V  [jvm.dll+0x88073e]  (no source info available)
V  [jvm.dll+0x880e13]  (no source info available)
V  [jvm.dll+0x27b006]  (no source info available)
V  [jvm.dll+0x6dd485]  (no source info available)
V  [jvm.dll+0x6d127a]  (no source info available)
V  [jvm.dll+0x35b50a]  (no source info available)
V  [jvm.dll+0x363916]  (no source info available)
V  [jvm.dll+0x34fe7e]  (no source info available)
V  [jvm.dll+0x350118]  (no source info available)
V  [jvm.dll+0x328aec]  (no source info available)
V  [jvm.dll+0x328b7a]  (no source info available)
V  [jvm.dll+0x374db2]  (no source info available)
V  [jvm.dll+0x3734b2]  (no source info available)
V  [jvm.dll+0x3282c7]  (no source info available)
V  [jvm.dll+0x372c64]  (no source info available)
V  [jvm.dll+0x886d50]  (no source info available)
V  [jvm.dll+0x888077]  (no source info available)
V  [jvm.dll+0x8885a8]  (no source info available)
V  [jvm.dll+0x888843]  (no source info available)
V  [jvm.dll+0x8254cb]  (no source info available)
V  [jvm.dll+0x6df345]  (no source info available)
C  [ucrtbase.dll+0x37b0]  (no source info available)
C  [KERNEL32.DLL+0x2e8d7]  (no source info available)
C  [ntdll.dll+0xbbf2c]  (no source info available)

VM_Operation (0x000000bb05dfa480): G1CollectForAllocation, mode: safepoint, requested by thread 0x00000210e330e850


---------------  P R O C E S S  ---------------

Threads class SMR info:
_java_thread_list=0x00000210e27d7fc0, length=27, elements={
0x0000021087e3a110, 0x000002109cec2480, 0x000002109cec6d20, 0x000002109cecf510,
0x000002109ced1f80, 0x000002109ced4420, 0x000002109ced78d0, 0x000002109ceef0d0,
0x000002109ced7f60, 0x00000210e2159950, 0x00000210e215c020, 0x00000210e23fe590,
0x000002109ced99a0, 0x000002109ced8c80, 0x000002109ced85f0, 0x000002109ced9310,
0x000002109ceda030, 0x000002109ced6bb0, 0x000002109ced7240, 0x00000210e330e850,
0x00000210e330c0f0, 0x00000210e330d4a0, 0x00000210e330eee0, 0x00000210e330db30,
0x00000210e330c780, 0x00000210e3310920, 0x00000210e330e1c0
}

Java Threads: ( => current thread )
  0x0000021087e3a110 JavaThread "main"                              [_thread_blocked, id=14540, stack(0x000000bb03a00000,0x000000bb03b00000) (1024K)]
  0x000002109cec2480 JavaThread "Reference Handler"          daemon [_thread_blocked, id=18560, stack(0x000000bb04200000,0x000000bb04300000) (1024K)]
  0x000002109cec6d20 JavaThread "Finalizer"                  daemon [_thread_blocked, id=23448, stack(0x000000bb04300000,0x000000bb04400000) (1024K)]
  0x000002109cecf510 JavaThread "Signal Dispatcher"          daemon [_thread_blocked, id=18648, stack(0x000000bb04400000,0x000000bb04500000) (1024K)]
  0x000002109ced1f80 JavaThread "Attach Listener"            daemon [_thread_blocked, id=18168, stack(0x000000bb04500000,0x000000bb04600000) (1024K)]
  0x000002109ced4420 JavaThread "Service Thread"             daemon [_thread_blocked, id=23800, stack(0x000000bb04600000,0x000000bb04700000) (1024K)]
  0x000002109ced78d0 JavaThread "Monitor Deflation Thread"   daemon [_thread_blocked, id=17332, stack(0x000000bb04700000,0x000000bb04800000) (1024K)]
  0x000002109ceef0d0 JavaThread "C1 CompilerThread0"         daemon [_thread_blocked, id=2552, stack(0x000000bb04800000,0x000000bb04900000) (1024K)]
  0x000002109ced7f60 JavaThread "Common-Cleaner"             daemon [_thread_blocked, id=3240, stack(0x000000bb04900000,0x000000bb04a00000) (1024K)]
  0x00000210e2159950 JavaThread "C1 CompilerThread1"         daemon [_thread_blocked, id=23644, stack(0x000000bb04a00000,0x000000bb04b00000) (1024K)]
  0x00000210e215c020 JavaThread "C1 CompilerThread2"         daemon [_thread_blocked, id=936, stack(0x000000bb04b00000,0x000000bb04c00000) (1024K)]
  0x00000210e23fe590 JavaThread "C1 CompilerThread3"         daemon [_thread_blocked, id=25228, stack(0x000000bb04c00000,0x000000bb04d00000) (1024K)]
  0x000002109ced99a0 JavaThread "Monitor Ctrl-Break"         daemon [_thread_in_native, id=5380, stack(0x000000bb04d00000,0x000000bb04e00000) (1024K)]
  0x000002109ced8c80 JavaThread "Notification Thread"        daemon [_thread_blocked, id=13628, stack(0x000000bb04e00000,0x000000bb04f00000) (1024K)]
  0x000002109ced85f0 JavaThread "RMI TCP Accept-0"           daemon [_thread_in_native, id=20016, stack(0x000000bb04f00000,0x000000bb05000000) (1024K)]
  0x000002109ced9310 JavaThread "RMI TCP Connection(1)-10.0.101.29" daemon [_thread_blocked, id=13352, stack(0x000000bb05900000,0x000000bb05a00000) (1024K)]
  0x000002109ceda030 JavaThread "RMI Scheduler(0)"           daemon [_thread_blocked, id=23188, stack(0x000000bb05a00000,0x000000bb05b00000) (1024K)]
  0x000002109ced6bb0 JavaThread "JMX server connection timeout 35" daemon [_thread_blocked, id=20332, stack(0x000000bb05b00000,0x000000bb05c00000) (1024K)]
  0x000002109ced7240 JavaThread "Thread-0"                          [_thread_blocked, id=12048, stack(0x000000bb05c00000,0x000000bb05d00000) (1024K)]
  0x00000210e330e850 JavaThread "restartedMain"                     [_thread_blocked, id=18772, stack(0x000000bb05d00000,0x000000bb05e00000) (1024K)]
  0x00000210e330c0f0 JavaThread "RMI TCP Connection(2)-10.0.101.29" daemon [_thread_in_native, id=2632, stack(0x000000bb05f00000,0x000000bb06000000) (1024K)]
  0x00000210e330d4a0 JavaThread "Catalina-utility-1"                [_thread_blocked, id=15096, stack(0x000000bb05e00000,0x000000bb05f00000) (1024K)]
  0x00000210e330eee0 JavaThread "Catalina-utility-2"                [_thread_blocked, id=2644, stack(0x000000bb06200000,0x000000bb06300000) (1024K)]
  0x00000210e330db30 JavaThread "container-0"                       [_thread_blocked, id=14936, stack(0x000000bb06300000,0x000000bb06400000) (1024K)]
  0x00000210e330c780 JavaThread "PostgreSQL-JDBC-Cleaner"    daemon [_thread_blocked, id=9804, stack(0x000000bb06500000,0x000000bb06600000) (1024K)]
  0x00000210e3310920 JavaThread "HikariPool-1 housekeeper"   daemon [_thread_blocked, id=19556, stack(0x000000bb06600000,0x000000bb06700000) (1024K)]
  0x00000210e330e1c0 JavaThread "HikariPool-1 connection adder" daemon [_thread_blocked, id=20560, stack(0x000000bb06700000,0x000000bb06800000) (1024K)]
Total: 27

Other Threads:
=>0x000002109cea97e0 VMThread "VM Thread"                           [id=18280, stack(0x000000bb04100000,0x000000bb04200000) (1024K)]
  0x000002109ce9ab80 WatcherThread "VM Periodic Task Thread"        [id=4704, stack(0x000000bb04000000,0x000000bb04100000) (1024K)]
  0x000002108a190ca0 WorkerThread "GC Thread#0"                     [id=16056, stack(0x000000bb03b00000,0x000000bb03c00000) (1024K)]
  0x00000210e29ff130 WorkerThread "GC Thread#1"                     [id=5084, stack(0x000000bb05000000,0x000000bb05100000) (1024K)]
  0x00000210e29e3690 WorkerThread "GC Thread#2"                     [id=21496, stack(0x000000bb05100000,0x000000bb05200000) (1024K)]
  0x00000210e29ffdc0 WorkerThread "GC Thread#3"                     [id=18728, stack(0x000000bb05200000,0x000000bb05300000) (1024K)]
  0x00000210e2a02990 WorkerThread "GC Thread#4"                     [id=5276, stack(0x000000bb05300000,0x000000bb05400000) (1024K)]
  0x00000210e2a40e80 WorkerThread "GC Thread#5"                     [id=5796, stack(0x000000bb05400000,0x000000bb05500000) (1024K)]
  0x00000210e2a41230 WorkerThread "GC Thread#6"                     [id=18696, stack(0x000000bb05500000,0x000000bb05600000) (1024K)]
  0x00000210e2a43df0 WorkerThread "GC Thread#7"                     [id=15724, stack(0x000000bb05600000,0x000000bb05700000) (1024K)]
  0x00000210e2a443b0 WorkerThread "GC Thread#8"                     [id=9956, stack(0x000000bb05700000,0x000000bb05800000) (1024K)]
  0x00000210e2a44b70 WorkerThread "GC Thread#9"                     [id=3884, stack(0x000000bb05800000,0x000000bb05900000) (1024K)]
  0x000002108a1a2dd0 ConcurrentGCThread "G1 Main Marker"            [id=10808, stack(0x000000bb03c00000,0x000000bb03d00000) (1024K)]
  0x000002108a1a4000 WorkerThread "G1 Conc#0"                       [id=11428, stack(0x000000bb03d00000,0x000000bb03e00000) (1024K)]
  0x00000210e3d661d0 WorkerThread "G1 Conc#1"                       [id=14616, stack(0x000000bb06000000,0x000000bb06100000) (1024K)]
  0x00000210e3d66580 WorkerThread "G1 Conc#2"                       [id=2904, stack(0x000000bb06100000,0x000000bb06200000) (1024K)]
  0x000002109cd66e40 ConcurrentGCThread "G1 Refine#0"               [id=10532, stack(0x000000bb03e00000,0x000000bb03f00000) (1024K)]
  0x000002109cd678d0 ConcurrentGCThread "G1 Service"                [id=18996, stack(0x000000bb03f00000,0x000000bb04000000) (1024K)]
Total: 18

Threads with active compile tasks:
Total: 0

VM state: at safepoint (normal execution)

VM Mutex/Monitor currently owned by a thread:  ([mutex/lock_event])
[0x00007ffbf3634888] Threads_lock - owner thread: 0x000002109cea97e0
[0x00007ffbf3634988] Heap_lock - owner thread: 0x00000210e330e850

Heap address: 0x0000000724e00000, size: 3506 MB, Compressed Oops mode: Zero based, Oop shift amount: 3

CDS archive(s) mapped at: [0x000002109d000000-0x000002109dd70000-0x000002109dd70000), size 14090240, SharedBaseAddress: 0x000002109d000000, ArchiveRelocationMode: 1.
Compressed class space mapped at: 0x000002109e000000-0x00000210de000000, reserved size: 1073741824
Narrow klass base: 0x000002109d000000, Narrow klass shift: 0, Narrow klass range: 0x41000000

GC Precious Log:
 CardTable entry size: 512
 Card Set container configuration: InlinePtr #cards 4 size 8 Array Of Cards #cards 16 size 48 Howl #buckets 8 coarsen threshold 3686 Howl Bitmap #cards 512 size 80 coarsen threshold 460 Card regions per heap region 1 cards per card region 4096
 CPUs: 12 total, 12 available
 Memory: 14020M
 Large Page Support: Disabled
 NUMA Support: Disabled
 Compressed Oops: Enabled (Zero based)
 Heap Region Size: 2M
 Heap Min Capacity: 8M
 Heap Initial Capacity: 220M
 Heap Max Capacity: 3506M
 Pre-touch: Disabled
 Parallel Workers: 10
 Concurrent Workers: 3
 Concurrent Refinement Workers: 10
 Periodic GC: Disabled

Heap:
 garbage-first heap   total reserved 3590144K, committed 79872K, used 47256K [0x0000000724e00000, 0x0000000800000000)
  region size 2048K, 2 young (4096K), 2 survivors (4096K)
 Metaspace       used 72554K, committed 73280K, reserved 1114112K
  class space    used 10824K, committed 11136K, reserved 1048576K

Heap Regions: E=young(eden), S=young(survivor), O=old, HS=humongous(starts), HC=humongous(continues), CS=collection set, F=free, TAMS=top-at-mark-start, PB=parsable bottom
|   0|0x0000000724e00000, 0x0000000725000000, 0x0000000725000000|100%| O|  |TAMS 0x0000000724e00000| PB 0x0000000724e00000| Untracked |  0
|   1|0x0000000725000000, 0x0000000725200000, 0x0000000725200000|100%| O|  |TAMS 0x0000000725000000| PB 0x0000000725000000| Untracked |  0
|   2|0x0000000725200000, 0x0000000725400000, 0x0000000725400000|100%| O|  |TAMS 0x0000000725200000| PB 0x0000000725200000| Untracked |  0
|   3|0x0000000725400000, 0x0000000725600000, 0x0000000725600000|100%| O|  |TAMS 0x0000000725400000| PB 0x0000000725400000| Untracked |  0
|   4|0x0000000725600000, 0x0000000725800000, 0x0000000725800000|100%| O|  |TAMS 0x0000000725600000| PB 0x0000000725600000| Untracked |  0
|   5|0x0000000725800000, 0x0000000725a00000, 0x0000000725a00000|100%| O|  |TAMS 0x0000000725800000| PB 0x0000000725800000| Untracked |  0
|   6|0x0000000725a00000, 0x0000000725c00000, 0x0000000725c00000|100%| O|  |TAMS 0x0000000725a00000| PB 0x0000000725a00000| Untracked |  0
|   7|0x0000000725c00000, 0x0000000725e00000, 0x0000000725e00000|100%| O|  |TAMS 0x0000000725c00000| PB 0x0000000725c00000| Untracked |  0
|   8|0x0000000725e00000, 0x0000000726000000, 0x0000000726000000|100%| O|  |TAMS 0x0000000725e00000| PB 0x0000000725e00000| Untracked |  0
|   9|0x0000000726000000, 0x0000000726200000, 0x0000000726200000|100%| O|  |TAMS 0x0000000726000000| PB 0x0000000726000000| Untracked |  0
|  10|0x0000000726200000, 0x0000000726400000, 0x0000000726400000|100%| O|  |TAMS 0x0000000726200000| PB 0x0000000726200000| Untracked |  0
|  11|0x0000000726400000, 0x0000000726600000, 0x0000000726600000|100%| O|  |TAMS 0x0000000726400000| PB 0x0000000726400000| Untracked |  0
|  12|0x0000000726600000, 0x0000000726800000, 0x0000000726800000|100%| O|  |TAMS 0x0000000726600000| PB 0x0000000726600000| Untracked |  0
|  13|0x0000000726800000, 0x0000000726a00000, 0x0000000726a00000|100%| O|  |TAMS 0x0000000726800000| PB 0x0000000726800000| Untracked |  0
|  14|0x0000000726a00000, 0x0000000726c00000, 0x0000000726c00000|100%| O|  |TAMS 0x0000000726a00000| PB 0x0000000726a00000| Untracked |  0
|  15|0x0000000726c00000, 0x0000000726e00000, 0x0000000726e00000|100%| O|  |TAMS 0x0000000726c00000| PB 0x0000000726c00000| Untracked |  0
|  16|0x0000000726e00000, 0x0000000727000000, 0x0000000727000000|100%| O|  |TAMS 0x0000000726e00000| PB 0x0000000726e00000| Untracked |  0
|  17|0x0000000727000000, 0x0000000727200000, 0x0000000727200000|100%| O|  |TAMS 0x0000000727000000| PB 0x0000000727000000| Untracked |  0
|  18|0x0000000727200000, 0x0000000727400000, 0x0000000727400000|100%| O|  |TAMS 0x0000000727200000| PB 0x0000000727200000| Untracked |  0
|  19|0x0000000727400000, 0x0000000727600000, 0x0000000727600000|100%| O|  |TAMS 0x0000000727400000| PB 0x0000000727400000| Untracked |  0
|  20|0x0000000727600000, 0x0000000727800000, 0x0000000727800000|100%| O|  |TAMS 0x0000000727600000| PB 0x0000000727600000| Untracked |  0
|  21|0x0000000727800000, 0x000000072786a6d8, 0x0000000727a00000| 20%| O|  |TAMS 0x0000000727800000| PB 0x0000000727800000| Untracked |  0
|  22|0x0000000727a00000, 0x0000000727a00000, 0x0000000727c00000|  0%| F|  |TAMS 0x0000000727a00000| PB 0x0000000727a00000| Untracked |  0
|  23|0x0000000727c00000, 0x0000000727c00000, 0x0000000727e00000|  0%| F|  |TAMS 0x0000000727c00000| PB 0x0000000727c00000| Untracked |  0
|  24|0x0000000727e00000, 0x0000000727fbbce8, 0x0000000728000000| 86%| S|CS|TAMS 0x0000000727e00000| PB 0x0000000727e00000| Complete |  0
|  25|0x0000000728000000, 0x0000000728200000, 0x0000000728200000|100%| S|CS|TAMS 0x0000000728000000| PB 0x0000000728000000| Complete |  0
|  26|0x0000000728200000, 0x0000000728200000, 0x0000000728400000|  0%| F|  |TAMS 0x0000000728200000| PB 0x0000000728200000| Untracked |  0
|  27|0x0000000728400000, 0x0000000728400000, 0x0000000728600000|  0%| F|  |TAMS 0x0000000728400000| PB 0x0000000728400000| Untracked |  0
|  28|0x0000000728600000, 0x0000000728600000, 0x0000000728800000|  0%| F|  |TAMS 0x0000000728600000| PB 0x0000000728600000| Untracked |  0
|  29|0x0000000728800000, 0x0000000728800000, 0x0000000728a00000|  0%| F|  |TAMS 0x0000000728800000| PB 0x0000000728800000| Untracked |  0
|  30|0x0000000728a00000, 0x0000000728a00000, 0x0000000728c00000|  0%| F|  |TAMS 0x0000000728a00000| PB 0x0000000728a00000| Untracked |  0
|  31|0x0000000728c00000, 0x0000000728c00000, 0x0000000728e00000|  0%| F|  |TAMS 0x0000000728c00000| PB 0x0000000728c00000| Untracked |  0
|  32|0x0000000728e00000, 0x0000000728e00000, 0x0000000729000000|  0%| F|  |TAMS 0x0000000728e00000| PB 0x0000000728e00000| Untracked |  0
|  33|0x0000000729000000, 0x0000000729000000, 0x0000000729200000|  0%| F|  |TAMS 0x0000000729000000| PB 0x0000000729000000| Untracked |  0
|  34|0x0000000729200000, 0x0000000729200000, 0x0000000729400000|  0%| F|  |TAMS 0x0000000729200000| PB 0x0000000729200000| Untracked |  0
|  78|0x000000072ea00000, 0x000000072ea00000, 0x000000072ec00000|  0%| F|  |TAMS 0x000000072ea00000| PB 0x000000072ea00000| Untracked |  0
|  79|0x000000072ec00000, 0x000000072ec00000, 0x000000072ee00000|  0%| F|  |TAMS 0x000000072ec00000| PB 0x000000072ec00000| Untracked |  0
|  80|0x000000072ee00000, 0x000000072ee00000, 0x000000072f000000|  0%| F|  |TAMS 0x000000072ee00000| PB 0x000000072ee00000| Untracked |  0
| 109|0x0000000732800000, 0x0000000732800000, 0x0000000732a00000|  0%| F|  |TAMS 0x0000000732800000| PB 0x0000000732800000| Untracked |  0

Card table byte_map: [0x0000021096490000,0x0000021096b70000] _byte_map_base: 0x0000021092b69000

Marking Bits: (CMBitMap*) 0x000002108a1912c0
 Bits: [0x0000021096b70000, 0x000002109a238000)

Polling page: 0x0000021087fa0000

Metaspace:

Usage:
  Non-class:     60.28 MB used.
      Class:     10.57 MB used.
       Both:     70.85 MB used.

Virtual space:
  Non-class space:       64.00 MB reserved,      60.69 MB ( 95%) committed,  1 nodes.
      Class space:        1.00 GB reserved,      10.88 MB (  1%) committed,  1 nodes.
             Both:        1.06 GB reserved,      71.56 MB (  7%) committed. 

Chunk freelists:
   Non-Class:  2.95 MB
       Class:  5.03 MB
        Both:  7.98 MB

MaxMetaspaceSize: unlimited
CompressedClassSpaceSize: 1.00 GB
Initial GC threshold: 21.00 MB
Current GC threshold: 115.25 MB
CDS: on
 - commit_granule_bytes: 65536.
 - commit_granule_words: 8192.
 - virtual_space_node_default_size: 8388608.
 - enlarge_chunks_in_place: 1.
 - use_allocation_guard: 0.


Internal statistics:

num_allocs_failed_limit: 6.
num_arena_births: 958.
num_arena_deaths: 0.
num_vsnodes_births: 2.
num_vsnodes_deaths: 0.
num_space_committed: 1145.
num_space_uncommitted: 0.
num_chunks_returned_to_freelist: 6.
num_chunks_taken_from_freelist: 3440.
num_chunk_merges: 6.
num_chunk_splits: 2557.
num_chunks_enlarged: 2025.
num_inconsistent_stats: 0.

CodeCache: size=49152Kb used=13592Kb max_used=13592Kb free=35559Kb
 bounds [0x0000021092860000, 0x00000210935b0000, 0x0000021095860000]
 total_blobs=9223, nmethods=8491, adapters=653, full_count=0
Compilation: enabled, stopped_count=0, restarted_count=0

Compilation events (20 events):
Event: 9.244 Thread 0x00000210e215c020 9348       1       org.apache.http.conn.util.PublicSuffixListParser::readLine (81 bytes)
Event: 9.245 Thread 0x00000210e215c020 nmethod 9348 0x00000210935a3c08 code [0x00000210935a3d60, 0x00000210935a3fd0]
Event: 9.245 Thread 0x00000210e215c020 9349       1       java.lang.StringUTF16::length (5 bytes)
Event: 9.245 Thread 0x00000210e2159950 9350       1       java.lang.StringUTF16::compress (56 bytes)
Event: 9.245 Thread 0x00000210e215c020 nmethod 9349 0x00000210935a4088 code [0x00000210935a41a0, 0x00000210935a4250]
Event: 9.245 Thread 0x000002109ceef0d0 9351       1       java.lang.StringUTF16::checkBoundsOffCount (11 bytes)
Event: 9.245 Thread 0x00000210e215c020 9352       1       java.lang.StringUTF16::compress (66 bytes)
Event: 9.246 Thread 0x000002109ceef0d0 nmethod 9351 0x00000210935a4388 code [0x00000210935a44a0, 0x00000210935a45b8]
Event: 9.246 Thread 0x00000210e215c020 nmethod 9352 0x00000210935a4688 code [0x00000210935a47e0, 0x00000210935a4a90]
Event: 9.246 Thread 0x00000210e2159950 nmethod 9350 0x00000210935a4b08 code [0x00000210935a4c40, 0x00000210935a4e10]
Event: 9.249 Thread 0x00000210e2159950 9353       1       java.lang.CharacterData00::getProperties (32 bytes)
Event: 9.249 Thread 0x00000210e23fe590 9354       1       java.lang.CharacterData00::isWhitespace (23 bytes)
Event: 9.249 Thread 0x00000210e215c020 9355       1       sun.nio.cs.UTF_8$Decoder::isMalformed3 (45 bytes)
Event: 9.249 Thread 0x00000210e215c020 nmethod 9355 0x00000210935a4e88 code [0x00000210935a4fa0, 0x00000210935a50a0]
Event: 9.249 Thread 0x00000210e23fe590 nmethod 9354 0x00000210935a5188 code [0x00000210935a52a0, 0x00000210935a5428]
Event: 9.249 Thread 0x00000210e2159950 nmethod 9353 0x00000210935a5488 code [0x00000210935a55a0, 0x00000210935a5708]
Event: 9.252 Thread 0x00000210e2159950 9356       1       java.lang.StringUTF16::newBytesLength (59 bytes)
Event: 9.252 Thread 0x00000210e2159950 nmethod 9356 0x00000210935a5788 code [0x00000210935a5920, 0x00000210935a5d08]
Event: 9.257 Thread 0x00000210e2159950 9357       1       java.lang.System$2::getUTF16Char (6 bytes)
Event: 9.257 Thread 0x00000210e2159950 nmethod 9357 0x00000210935a5d88 code [0x00000210935a5ea0, 0x00000210935a5f78]

GC Heap History (20 events):
Event: 6.923 GC heap after
{Heap after GC invocations=18 (full 0):
 garbage-first heap   total reserved 3590144K, committed 61440K, used 32746K [0x0000000724e00000, 0x0000000800000000)
  region size 2048K, 1 young (2048K), 1 survivors (2048K)
 Metaspace       used 55419K, committed 56064K, reserved 1114112K
  class space    used 8183K, committed 8448K, reserved 1048576K
}
Event: 7.226 GC heap before
{Heap before GC invocations=19 (full 0):
 garbage-first heap   total reserved 3590144K, committed 61440K, used 51178K [0x0000000724e00000, 0x0000000800000000)
  region size 2048K, 11 young (22528K), 1 survivors (2048K)
 Metaspace       used 58237K, committed 58944K, reserved 1114112K
  class space    used 8665K, committed 8960K, reserved 1048576K
}
Event: 7.228 GC heap after
{Heap after GC invocations=20 (full 0):
 garbage-first heap   total reserved 3590144K, committed 61440K, used 34807K [0x0000000724e00000, 0x0000000800000000)
  region size 2048K, 2 young (4096K), 2 survivors (4096K)
 Metaspace       used 58237K, committed 58944K, reserved 1114112K
  class space    used 8665K, committed 8960K, reserved 1048576K
}
Event: 7.626 GC heap before
{Heap before GC invocations=20 (full 0):
 garbage-first heap   total reserved 3590144K, committed 61440K, used 51191K [0x0000000724e00000, 0x0000000800000000)
  region size 2048K, 10 young (20480K), 2 survivors (4096K)
 Metaspace       used 61748K, committed 62464K, reserved 1114112K
  class space    used 9099K, committed 9408K, reserved 1048576K
}
Event: 7.630 GC heap after
{Heap after GC invocations=21 (full 0):
 garbage-first heap   total reserved 3590144K, committed 61440K, used 36495K [0x0000000724e00000, 0x0000000800000000)
  region size 2048K, 2 young (4096K), 2 survivors (4096K)
 Metaspace       used 61748K, committed 62464K, reserved 1114112K
  class space    used 9099K, committed 9408K, reserved 1048576K
}
Event: 8.170 GC heap before
{Heap before GC invocations=21 (full 0):
 garbage-first heap   total reserved 3590144K, committed 61440K, used 50831K [0x0000000724e00000, 0x0000000800000000)
  region size 2048K, 10 young (20480K), 2 survivors (4096K)
 Metaspace       used 63468K, committed 64256K, reserved 1114112K
  class space    used 9270K, committed 9600K, reserved 1048576K
}
Event: 8.173 GC heap after
{Heap after GC invocations=22 (full 0):
 garbage-first heap   total reserved 3590144K, committed 61440K, used 38092K [0x0000000724e00000, 0x0000000800000000)
  region size 2048K, 2 young (4096K), 2 survivors (4096K)
 Metaspace       used 63468K, committed 64256K, reserved 1114112K
  class space    used 9270K, committed 9600K, reserved 1048576K
}
Event: 8.334 GC heap before
{Heap before GC invocations=23 (full 0):
 garbage-first heap   total reserved 3590144K, committed 65536K, used 50380K [0x0000000724e00000, 0x0000000800000000)
  region size 2048K, 8 young (16384K), 2 survivors (4096K)
 Metaspace       used 64238K, committed 65024K, reserved 1114112K
  class space    used 9450K, committed 9792K, reserved 1048576K
}
Event: 8.336 GC heap after
{Heap after GC invocations=24 (full 0):
 garbage-first heap   total reserved 3590144K, committed 65536K, used 39534K [0x0000000724e00000, 0x0000000800000000)
  region size 2048K, 1 young (2048K), 1 survivors (2048K)
 Metaspace       used 64238K, committed 65024K, reserved 1114112K
  class space    used 9450K, committed 9792K, reserved 1048576K
}
Event: 8.570 GC heap before
{Heap before GC invocations=24 (full 0):
 garbage-first heap   total reserved 3590144K, committed 65536K, used 53870K [0x0000000724e00000, 0x0000000800000000)
  region size 2048K, 9 young (18432K), 1 survivors (2048K)
 Metaspace       used 67489K, committed 68224K, reserved 1114112K
  class space    used 10106K, committed 10432K, reserved 1048576K
}
Event: 8.574 GC heap after
{Heap after GC invocations=25 (full 0):
 garbage-first heap   total reserved 3590144K, committed 65536K, used 40868K [0x0000000724e00000, 0x0000000800000000)
  region size 2048K, 2 young (4096K), 2 survivors (4096K)
 Metaspace       used 67489K, committed 68224K, reserved 1114112K
  class space    used 10106K, committed 10432K, reserved 1048576K
}
Event: 8.687 GC heap before
{Heap before GC invocations=25 (full 0):
 garbage-first heap   total reserved 3590144K, committed 65536K, used 53156K [0x0000000724e00000, 0x0000000800000000)
  region size 2048K, 8 young (16384K), 2 survivors (4096K)
 Metaspace       used 69023K, committed 69760K, reserved 1114112K
  class space    used 10370K, committed 10688K, reserved 1048576K
}
Event: 8.690 GC heap after
{Heap after GC invocations=26 (full 0):
 garbage-first heap   total reserved 3590144K, committed 65536K, used 41868K [0x0000000724e00000, 0x0000000800000000)
  region size 2048K, 1 young (2048K), 1 survivors (2048K)
 Metaspace       used 69023K, committed 69760K, reserved 1114112K
  class space    used 10370K, committed 10688K, reserved 1048576K
}
Event: 8.854 GC heap before
{Heap before GC invocations=27 (full 0):
 garbage-first heap   total reserved 3590144K, committed 71680K, used 56204K [0x0000000724e00000, 0x0000000800000000)
  region size 2048K, 8 young (16384K), 1 survivors (2048K)
 Metaspace       used 70046K, committed 70720K, reserved 1114112K
  class space    used 10506K, committed 10816K, reserved 1048576K
}
Event: 8.856 GC heap after
{Heap after GC invocations=28 (full 0):
 garbage-first heap   total reserved 3590144K, committed 71680K, used 43357K [0x0000000724e00000, 0x0000000800000000)
  region size 2048K, 1 young (2048K), 1 survivors (2048K)
 Metaspace       used 70046K, committed 70720K, reserved 1114112K
  class space    used 10506K, committed 10816K, reserved 1048576K
}
Event: 8.904 GC heap before
{Heap before GC invocations=28 (full 0):
 garbage-first heap   total reserved 3590144K, committed 71680K, used 61789K [0x0000000724e00000, 0x0000000800000000)
  region size 2048K, 10 young (20480K), 1 survivors (2048K)
 Metaspace       used 70097K, committed 70784K, reserved 1114112K
  class space    used 10516K, committed 10816K, reserved 1048576K
}
Event: 8.906 GC heap after
{Heap after GC invocations=29 (full 0):
 garbage-first heap   total reserved 3590144K, committed 71680K, used 44302K [0x0000000724e00000, 0x0000000800000000)
  region size 2048K, 2 young (4096K), 2 survivors (4096K)
 Metaspace       used 70097K, committed 70784K, reserved 1114112K
  class space    used 10516K, committed 10816K, reserved 1048576K
}
Event: 8.952 GC heap before
{Heap before GC invocations=30 (full 0):
 garbage-first heap   total reserved 3590144K, committed 79872K, used 58638K [0x0000000724e00000, 0x0000000800000000)
  region size 2048K, 9 young (18432K), 2 survivors (4096K)
 Metaspace       used 70170K, committed 70848K, reserved 1114112K
  class space    used 10527K, committed 10816K, reserved 1048576K
}
Event: 8.954 GC heap after
{Heap after GC invocations=31 (full 0):
 garbage-first heap   total reserved 3590144K, committed 79872K, used 44416K [0x0000000724e00000, 0x0000000800000000)
  region size 2048K, 1 young (2048K), 1 survivors (2048K)
 Metaspace       used 70170K, committed 70848K, reserved 1114112K
  class space    used 10527K, committed 10816K, reserved 1048576K
}
Event: 9.257 GC heap before
{Heap before GC invocations=31 (full 0):
 garbage-first heap   total reserved 3590144K, committed 79872K, used 68992K [0x0000000724e00000, 0x0000000800000000)
  region size 2048K, 13 young (26624K), 1 survivors (2048K)
 Metaspace       used 72554K, committed 73280K, reserved 1114112K
  class space    used 10824K, committed 11136K, reserved 1048576K
}

Dll operation events (13 events):
Event: 0.021 Loaded shared library C:\Users\Admin\Documents\jdk-23.0.2\bin\java.dll
Event: 0.200 Loaded shared library C:\Users\Admin\Documents\jdk-23.0.2\bin\zip.dll
Event: 0.206 Loaded shared library C:\Users\Admin\Documents\jdk-23.0.2\bin\instrument.dll
Event: 0.212 Loaded shared library C:\Users\Admin\Documents\jdk-23.0.2\bin\net.dll
Event: 0.214 Loaded shared library C:\Users\Admin\Documents\jdk-23.0.2\bin\nio.dll
Event: 0.218 Loaded shared library C:\Users\Admin\Documents\jdk-23.0.2\bin\zip.dll
Event: 0.304 Loaded shared library C:\Users\Admin\Documents\jdk-23.0.2\bin\jimage.dll
Event: 0.346 Loaded shared library C:\Program Files\JetBrains\IntelliJ IDEA 2024.3.2\bin\breakgen64.dll
Event: 0.358 Loaded shared library C:\Users\Admin\Documents\jdk-23.0.2\bin\extnet.dll
Event: 0.375 Loaded shared library C:\Users\Admin\Documents\jdk-23.0.2\bin\management.dll
Event: 0.389 Loaded shared library C:\Users\Admin\Documents\jdk-23.0.2\bin\management_ext.dll
Event: 2.349 Loaded shared library C:\Users\Admin\Documents\jdk-23.0.2\bin\sunmscapi.dll
Event: 4.256 Loaded shared library C:\Users\Admin\Documents\jdk-23.0.2\bin\verify.dll

Deoptimization events (4 events):
Event: 8.121 Thread 0x00000210e330e850 DEOPT PACKING pc=0x0000021092e79609 sp=0x000000bb05dfc0d0
Event: 8.121 Thread 0x00000210e330e850 DEOPT UNPACKING pc=0x00000210928b4b22 sp=0x000000bb05dfb5d8 mode 3
Event: 8.231 Thread 0x00000210e330e850 DEOPT PACKING pc=0x0000021092ed6d3c sp=0x000000bb05dfc570
Event: 8.231 Thread 0x00000210e330e850 DEOPT UNPACKING pc=0x00000210928b4b22 sp=0x000000bb05dfbac8 mode 0

Classes loaded (20 events):
Event: 9.237 Loading class javax/net/ssl/X509ExtendedTrustManager done
Event: 9.237 Loading class sun/security/ssl/X509TrustManagerImpl done
Event: 9.237 Loading class sun/security/ssl/SSLContextImpl$DefaultManagersHolder$1
Event: 9.237 Loading class sun/security/ssl/SSLContextImpl$DefaultManagersHolder$1 done
Event: 9.237 Loading class javax/net/ssl/KeyManagerFactory
Event: 9.238 Loading class javax/net/ssl/KeyManagerFactory done
Event: 9.238 Loading class javax/net/ssl/KeyManagerFactorySpi
Event: 9.238 Loading class javax/net/ssl/KeyManagerFactorySpi done
Event: 9.238 Loading class sun/security/ssl/KeyManagerFactoryImpl$SunX509
Event: 9.238 Loading class sun/security/ssl/KeyManagerFactoryImpl
Event: 9.239 Loading class sun/security/ssl/KeyManagerFactoryImpl done
Event: 9.239 Loading class sun/security/ssl/KeyManagerFactoryImpl$SunX509 done
Event: 9.239 Loading class sun/security/ssl/SunX509KeyManagerImpl
Event: 9.239 Loading class javax/net/ssl/X509ExtendedKeyManager
Event: 9.239 Loading class javax/net/ssl/X509KeyManager
Event: 9.239 Loading class javax/net/ssl/KeyManager
Event: 9.239 Loading class javax/net/ssl/KeyManager done
Event: 9.239 Loading class javax/net/ssl/X509KeyManager done
Event: 9.239 Loading class javax/net/ssl/X509ExtendedKeyManager done
Event: 9.240 Loading class sun/security/ssl/SunX509KeyManagerImpl done

Classes unloaded (0 events):
No events

Classes redefined (0 events):
No events

Internal exceptions (20 events):
Event: 7.134 Thread 0x00000210e330e850 Exception <a 'java/lang/NoSuchMethodError'{0x0000000727a91a28}: 'void java.lang.invoke.DirectMethodHandle$Holder.invokeSpecial(java.lang.Object, java.lang.Object, java.lang.Object, java.lang.Object, java.lang.Object, java.lang.Object, java.lang.Object, java.lang.Object)'> (0x0000000727a91a28) 
thrown [s\open\src\hotspot\share\interpreter\linkResolver.cpp, line 796]
Event: 7.135 Thread 0x00000210e330e850 Exception <a 'java/lang/NoSuchMethodError'{0x0000000727a9feb8}: 'void java.lang.invoke.DirectMethodHandle$Holder.invokeSpecial(java.lang.Object, java.lang.Object, int, java.lang.Object)'> (0x0000000727a9feb8) 
thrown [s\open\src\hotspot\share\interpreter\linkResolver.cpp, line 796]
Event: 7.135 Thread 0x00000210e330e850 Exception <a 'java/lang/NoSuchMethodError'{0x0000000727aa62f0}: 'java.lang.Object java.lang.invoke.DirectMethodHandle$Holder.newInvokeSpecial(java.lang.Object, java.lang.Object, int)'> (0x0000000727aa62f0) 
thrown [s\open\src\hotspot\share\interpreter\linkResolver.cpp, line 796]
Event: 7.135 Thread 0x00000210e330e850 Exception <a 'java/lang/IncompatibleClassChangeError'{0x0000000727aa9be8}: Found class java.lang.Object, but interface was expected> (0x0000000727aa9be8) 
thrown [s\open\src\hotspot\share\interpreter\linkResolver.cpp, line 863]
Event: 7.174 Thread 0x00000210e330e850 Exception <a 'java/lang/NoSuchMethodError'{0x00000007278fb590}: 'java.lang.Object java.lang.invoke.DirectMethodHandle$Holder.newInvokeSpecial(java.lang.Object, java.lang.Object, int, java.lang.Object, int, java.lang.Object, java.lang.Object)'> (0x00000007278fb590) 
thrown [s\open\src\hotspot\share\interpreter\linkResolver.cpp, line 796]
Event: 7.194 Thread 0x00000210e330e850 Exception <a 'java/lang/NoSuchMethodError'{0x00000007279f0048}: 'java.lang.Object java.lang.invoke.DirectMethodHandle$Holder.newInvokeSpecial(java.lang.Object, java.lang.Object, java.lang.Object, java.lang.Object, java.lang.Object, java.lang.Object, java.lang.Object, int)'> (0x00000007279f0048) 
thrown [s\open\src\hotspot\share\interpreter\linkResolver.cpp, line 796]
Event: 7.194 Thread 0x00000210e330e850 Exception <a 'java/lang/NoSuchMethodError'{0x00000007279f46a0}: 'java.lang.Object java.lang.invoke.DirectMethodHandle$Holder.invokeSpecial(java.lang.Object, java.lang.Object, java.lang.Object, java.lang.Object, java.lang.Object, java.lang.Object, java.lang.Object, java.lang.Object, int)'> (0x00000007279f46a0) 
thrown [s\open\src\hotspot\share\interpreter\linkResolver.cpp, line 796]
Event: 7.194 Thread 0x00000210e330e850 Exception <a 'java/lang/NoSuchMethodError'{0x00000007279f86e0}: 'java.lang.Object java.lang.invoke.Invokers$Holder.linkToTargetMethod(java.lang.Object, java.lang.Object, java.lang.Object, java.lang.Object, java.lang.Object, java.lang.Object, int, java.lang.Object)'> (0x00000007279f86e0) 
thrown [s\open\src\hotspot\share\interpreter\linkResolver.cpp, line 796]
Event: 7.322 Thread 0x00000210e330e850 Exception <a 'java/lang/NoSuchMethodError'{0x000000072eb69cc8}: method resolution failed> (0x000000072eb69cc8) 
thrown [s\open\src\hotspot\share\prims\methodHandles.cpp, line 1145]
Event: 7.330 Thread 0x00000210e330e850 Exception <a 'java/lang/NoSuchMethodError'{0x000000072ebbcdd0}: 'int java.lang.invoke.DirectMethodHandle$Holder.invokeStaticInit(java.lang.Object, java.lang.Object, java.lang.Object, java.lang.Object)'> (0x000000072ebbcdd0) 
thrown [s\open\src\hotspot\share\interpreter\linkResolver.cpp, line 796]
Event: 7.412 Thread 0x00000210e330e850 Exception <a 'sun/nio/fs/WindowsException'{0x00000007281e6310}> (0x00000007281e6310) 
thrown [s\open\src\hotspot\share\prims\jni.cpp, line 520]
Event: 7.607 Thread 0x00000210e330e850 Exception <a 'java/lang/NoSuchMethodError'{0x0000000727a5b880}: 'java.lang.Object java.lang.invoke.DirectMethodHandle$Holder.invokeStaticInit(java.lang.Object, java.lang.Object, java.lang.Object, java.lang.Object)'> (0x0000000727a5b880) 
thrown [s\open\src\hotspot\share\interpreter\linkResolver.cpp, line 796]
Event: 7.653 Thread 0x00000210e330e850 Exception <a 'java/lang/NoSuchMethodError'{0x0000000732865a88}: 'java.lang.Object java.lang.invoke.DirectMethodHandle$Holder.invokeSpecial(java.lang.Object, java.lang.Object, int, java.lang.Object, int)'> (0x0000000732865a88) 
thrown [s\open\src\hotspot\share\interpreter\linkResolver.cpp, line 796]
Event: 8.093 Thread 0x00000210e330e850 Exception <a 'java/lang/IncompatibleClassChangeError'{0x0000000727f2ffa0}: Found class java.lang.Object, but interface was expected> (0x0000000727f2ffa0) 
thrown [s\open\src\hotspot\share\interpreter\linkResolver.cpp, line 863]
Event: 8.101 Thread 0x00000210e330e850 Exception <a 'java/lang/IncompatibleClassChangeError'{0x0000000727fc51a8}: Found class java.lang.Object, but interface was expected> (0x0000000727fc51a8) 
thrown [s\open\src\hotspot\share\interpreter\linkResolver.cpp, line 863]
Event: 8.131 Thread 0x00000210e330e850 Exception <a 'java/lang/IncompatibleClassChangeError'{0x0000000727d60710}: Found class java.lang.Object, but interface was expected> (0x0000000727d60710) 
thrown [s\open\src\hotspot\share\interpreter\linkResolver.cpp, line 863]
Event: 8.321 Thread 0x00000210e330e850 Exception <a 'java/lang/IncompatibleClassChangeError'{0x00000007282efc30}: Found class java.lang.Object, but interface was expected> (0x00000007282efc30) 
thrown [s\open\src\hotspot\share\interpreter\linkResolver.cpp, line 863]
Event: 8.653 Thread 0x00000210e330e850 Exception <a 'java/lang/NoSuchMethodError'{0x0000000728225938}: 'int java.lang.invoke.DirectMethodHandle$Holder.invokeStatic(java.lang.Object)'> (0x0000000728225938) 
thrown [s\open\src\hotspot\share\interpreter\linkResolver.cpp, line 796]
Event: 8.752 Thread 0x00000210e330e850 Exception <a 'java/lang/NoSuchMethodError'{0x000000072ef6d7d0}: 'void java.lang.invoke.Invokers$Holder.invokeExact_MT(java.lang.Object, java.lang.Object, int, java.lang.Object)'> (0x000000072ef6d7d0) 
thrown [s\open\src\hotspot\share\interpreter\linkResolver.cpp, line 796]
Event: 9.115 Thread 0x00000210e330e850 Exception <a 'java/lang/NoSuchMethodError'{0x0000000728b707e0}: 'java.lang.Object java.lang.invoke.DirectMethodHandle$Holder.invokeStatic(java.lang.Object, int, java.lang.Object)'> (0x0000000728b707e0) 
thrown [s\open\src\hotspot\share\interpreter\linkResolver.cpp, line 796]

VM Operations (20 events):
Event: 8.715 Executing VM operation: G1PauseRemark done
Event: 8.718 Executing VM operation: G1PauseCleanup
Event: 8.718 Executing VM operation: G1PauseCleanup done
Event: 8.854 Executing VM operation: G1CollectForAllocation (G1 Evacuation Pause)
Event: 8.856 Executing VM operation: G1CollectForAllocation (G1 Evacuation Pause) done
Event: 8.904 Executing VM operation: G1CollectForAllocation (G1 Evacuation Pause)
Event: 8.906 Executing VM operation: G1CollectForAllocation (G1 Evacuation Pause) done
Event: 8.929 Executing VM operation: G1PauseRemark
Event: 8.933 Executing VM operation: G1PauseRemark done
Event: 8.940 Executing VM operation: G1PauseCleanup
Event: 8.940 Executing VM operation: G1PauseCleanup done
Event: 8.952 Executing VM operation: G1CollectForAllocation (G1 Evacuation Pause)
Event: 8.954 Executing VM operation: G1CollectForAllocation (G1 Evacuation Pause) done
Event: 9.106 Executing VM operation: HandshakeAllThreads (Deoptimize)
Event: 9.106 Executing VM operation: HandshakeAllThreads (Deoptimize) done
Event: 9.135 Executing VM operation: HandshakeAllThreads (Deoptimize)
Event: 9.135 Executing VM operation: HandshakeAllThreads (Deoptimize) done
Event: 9.194 Executing VM operation: HandshakeAllThreads (Deoptimize)
Event: 9.194 Executing VM operation: HandshakeAllThreads (Deoptimize) done
Event: 9.257 Executing VM operation: G1CollectForAllocation (G1 Evacuation Pause)

Memory protections (0 events):
No events

Nmethod flushes (20 events):
Event: 8.715 Thread 0x000002109cea97e0 flushing  nmethod 0x0000021092e6b208
Event: 8.715 Thread 0x000002109cea97e0 flushing  nmethod 0x0000021092e6e188
Event: 8.715 Thread 0x000002109cea97e0 flushing  nmethod 0x0000021092e92d88
Event: 8.715 Thread 0x000002109cea97e0 flushing  nmethod 0x0000021092e93688
Event: 8.715 Thread 0x000002109cea97e0 flushing  nmethod 0x0000021092eec808
Event: 8.931 Thread 0x000002109cea97e0 flushing  nmethod 0x0000021093566688
Event: 8.932 Thread 0x000002109cea97e0 flushing  nmethod 0x0000021092ed6708
Event: 8.932 Thread 0x000002109cea97e0 flushing  nmethod 0x000002109357d608
Event: 8.932 Thread 0x000002109cea97e0 flushing  nmethod 0x0000021093512e08
Event: 8.932 Thread 0x000002109cea97e0 flushing  nmethod 0x0000021093513188
Event: 8.932 Thread 0x000002109cea97e0 flushing  nmethod 0x0000021093576688
Event: 8.932 Thread 0x000002109cea97e0 flushing  nmethod 0x0000021093577788
Event: 8.932 Thread 0x000002109cea97e0 flushing  nmethod 0x000002109357ba88
Event: 8.932 Thread 0x000002109cea97e0 flushing  nmethod 0x0000021092d87188
Event: 8.932 Thread 0x000002109cea97e0 flushing  nmethod 0x0000021093555608
Event: 8.932 Thread 0x000002109cea97e0 flushing  nmethod 0x0000021093574488
Event: 8.932 Thread 0x000002109cea97e0 flushing  nmethod 0x0000021092fff488
Event: 8.932 Thread 0x000002109cea97e0 flushing  nmethod 0x000002109355f508
Event: 8.932 Thread 0x000002109cea97e0 flushing  nmethod 0x0000021092d8ab08
Event: 8.932 Thread 0x000002109cea97e0 flushing  nmethod 0x0000021093581408

Events (20 events):
Event: 4.893 Thread 0x00000210e330c780 Thread exited: 0x00000210e330c780
Event: 5.395 Thread 0x000002109ced9310 Thread added: 0x00000210e330ce10
Event: 5.401 Thread 0x00000210e330ce10 Thread exited: 0x00000210e330ce10
Event: 5.903 Thread 0x000002109ced9310 Thread added: 0x00000210e330c780
Event: 5.909 Thread 0x00000210e330c780 Thread exited: 0x00000210e330c780
Event: 6.412 Thread 0x000002109ced9310 Thread added: 0x00000210e330e1c0
Event: 6.419 Thread 0x00000210e330e1c0 Thread exited: 0x00000210e330e1c0
Event: 6.922 Thread 0x000002109ced9310 Thread added: 0x00000210e330e1c0
Event: 6.929 Thread 0x00000210e330e1c0 Thread exited: 0x00000210e330e1c0
Event: 7.442 Thread 0x000002109ced9310 Thread added: 0x00000210e330e1c0
Event: 7.449 Thread 0x00000210e330e1c0 Thread exited: 0x00000210e330e1c0
Event: 7.508 Thread 0x00000210e330e850 Thread added: 0x00000210e330c780
Event: 7.522 Thread 0x00000210e330e850 Thread added: 0x00000210e3310920
Event: 7.625 Thread 0x00000210e3310920 Thread added: 0x00000210e330e1c0
Event: 7.949 Thread 0x000002109ced9310 Thread added: 0x00000210e3311640
Event: 7.952 Thread 0x00000210e3311640 Thread exited: 0x00000210e3311640
Event: 8.455 Thread 0x000002109ced9310 Thread added: 0x00000210e33129f0
Event: 8.458 Thread 0x00000210e33129f0 Thread exited: 0x00000210e33129f0
Event: 8.960 Thread 0x000002109ced9310 Thread added: 0x00000210e3313080
Event: 8.964 Thread 0x00000210e3313080 Thread exited: 0x00000210e3313080


Dynamic libraries:
0x00007ff675100000 - 0x00007ff675110000 	C:\Users\Admin\Documents\jdk-23.0.2\bin\java.exe
0x00007ffc6a280000 - 0x00007ffc6a4e3000 	C:\WINDOWS\SYSTEM32\ntdll.dll
0x00007ffc69510000 - 0x00007ffc695d7000 	C:\WINDOWS\System32\KERNEL32.DLL
0x00007ffc67620000 - 0x00007ffc679e7000 	C:\WINDOWS\System32\KERNELBASE.dll
0x00007ffc67c40000 - 0x00007ffc67d8c000 	C:\WINDOWS\System32\ucrtbase.dll
0x00007ffc61800000 - 0x00007ffc6181b000 	C:\Users\Admin\Documents\jdk-23.0.2\bin\VCRUNTIME140.dll
0x00007ffc5a5d0000 - 0x00007ffc5a5e7000 	C:\Users\Admin\Documents\jdk-23.0.2\bin\jli.dll
0x00007ffc69e60000 - 0x00007ffc6a029000 	C:\WINDOWS\System32\USER32.dll
0x00007ffc45920000 - 0x00007ffc45bb0000 	C:\WINDOWS\WinSxS\amd64_microsoft.windows.common-controls_6595b64144ccf1df_6.0.26100.3037_none_3e09262ce333c378\COMCTL32.dll
0x00007ffc67b70000 - 0x00007ffc67b97000 	C:\WINDOWS\System32\win32u.dll
0x00007ffc696a0000 - 0x00007ffc69749000 	C:\WINDOWS\System32\msvcrt.dll
0x00007ffc685d0000 - 0x00007ffc685fa000 	C:\WINDOWS\System32\GDI32.dll
0x00007ffc67f90000 - 0x00007ffc680bb000 	C:\WINDOWS\System32\gdi32full.dll
0x00007ffc67ee0000 - 0x00007ffc67f83000 	C:\WINDOWS\System32\msvcp_win.dll
0x00007ffc6a200000 - 0x00007ffc6a22f000 	C:\WINDOWS\System32\IMM32.DLL
0x00007ffc63290000 - 0x00007ffc6329c000 	C:\Users\Admin\Documents\jdk-23.0.2\bin\vcruntime140_1.dll
0x00007ffc29080000 - 0x00007ffc2910e000 	C:\Users\Admin\Documents\jdk-23.0.2\bin\msvcp140.dll
0x00007ffbf29c0000 - 0x00007ffbf3710000 	C:\Users\Admin\Documents\jdk-23.0.2\bin\server\jvm.dll
0x00007ffc68da0000 - 0x00007ffc68e54000 	C:\WINDOWS\System32\ADVAPI32.dll
0x00007ffc695e0000 - 0x00007ffc69686000 	C:\WINDOWS\System32\sechost.dll
0x00007ffc693e0000 - 0x00007ffc694f6000 	C:\WINDOWS\System32\RPCRT4.dll
0x00007ffc68d20000 - 0x00007ffc68d94000 	C:\WINDOWS\System32\WS2_32.dll
0x00007ffc674b0000 - 0x00007ffc674fe000 	C:\WINDOWS\SYSTEM32\POWRPROF.dll
0x00007ffc5ea20000 - 0x00007ffc5ea56000 	C:\WINDOWS\SYSTEM32\WINMM.dll
0x00007ffc5ea60000 - 0x00007ffc5ea6b000 	C:\WINDOWS\SYSTEM32\VERSION.dll
0x00007ffc67490000 - 0x00007ffc674a4000 	C:\WINDOWS\SYSTEM32\UMPDC.dll
0x00007ffc66450000 - 0x00007ffc6646a000 	C:\WINDOWS\SYSTEM32\kernel.appcore.dll
0x00007ffc60b10000 - 0x00007ffc60b1a000 	C:\Users\Admin\Documents\jdk-23.0.2\bin\jimage.dll
0x00007ffc64d10000 - 0x00007ffc64f51000 	C:\WINDOWS\SYSTEM32\DBGHELP.DLL
0x00007ffc68e60000 - 0x00007ffc691de000 	C:\WINDOWS\System32\combase.dll
0x00007ffc680c0000 - 0x00007ffc68196000 	C:\WINDOWS\System32\OLEAUT32.dll
0x00007ffc47770000 - 0x00007ffc477a9000 	C:\WINDOWS\SYSTEM32\dbgcore.DLL
0x00007ffc67ba0000 - 0x00007ffc67c39000 	C:\WINDOWS\System32\bcryptPrimitives.dll
0x00007ffc5b090000 - 0x00007ffc5b09f000 	C:\Users\Admin\Documents\jdk-23.0.2\bin\instrument.dll
0x00007ffc53700000 - 0x00007ffc5371e000 	C:\Users\Admin\Documents\jdk-23.0.2\bin\java.dll
0x00007ffc69240000 - 0x00007ffc693d5000 	C:\WINDOWS\System32\ole32.dll
0x00007ffc68600000 - 0x00007ffc68d04000 	C:\WINDOWS\System32\SHELL32.dll
0x00007ffc652f0000 - 0x00007ffc65b27000 	C:\WINDOWS\SYSTEM32\windows.storage.dll
0x00007ffc69d50000 - 0x00007ffc69e39000 	C:\WINDOWS\System32\SHCORE.dll
0x00007ffc682b0000 - 0x00007ffc6830d000 	C:\WINDOWS\System32\shlwapi.dll
0x00007ffc67530000 - 0x00007ffc6755e000 	C:\WINDOWS\SYSTEM32\profapi.dll
0x00007ffc40ca0000 - 0x00007ffc40cb7000 	C:\Users\Admin\Documents\jdk-23.0.2\bin\zip.dll
0x00007ffc5fd90000 - 0x00007ffc5fda0000 	C:\Users\Admin\Documents\jdk-23.0.2\bin\net.dll
0x00007ffc66960000 - 0x00007ffc669ca000 	C:\WINDOWS\system32\mswsock.dll
0x00007ffc536e0000 - 0x00007ffc536f6000 	C:\Users\Admin\Documents\jdk-23.0.2\bin\nio.dll
0x00007ffc40940000 - 0x00007ffc4095a000 	C:\Program Files\JetBrains\IntelliJ IDEA 2024.3.2\bin\breakgen64.dll
0x00007ffc40c90000 - 0x00007ffc40c99000 	C:\Users\Admin\Documents\jdk-23.0.2\bin\extnet.dll
0x00007ffc65f40000 - 0x00007ffc66065000 	C:\WINDOWS\SYSTEM32\DNSAPI.dll
0x00007ffc65f00000 - 0x00007ffc65f32000 	C:\WINDOWS\SYSTEM32\IPHLPAPI.DLL
0x00007ffc68d10000 - 0x00007ffc68d1a000 	C:\WINDOWS\System32\NSI.dll
0x00007ffc5f070000 - 0x00007ffc5f07b000 	C:\Windows\System32\rasadhlp.dll
0x00007ffc611c0000 - 0x00007ffc61245000 	C:\WINDOWS\System32\fwpuclnt.dll
0x00007ffc40c60000 - 0x00007ffc40c6a000 	C:\Users\Admin\Documents\jdk-23.0.2\bin\management.dll
0x00007ffc40c50000 - 0x00007ffc40c5b000 	C:\Users\Admin\Documents\jdk-23.0.2\bin\management_ext.dll
0x00007ffc681a0000 - 0x00007ffc681a8000 	C:\WINDOWS\System32\PSAPI.DLL
0x00007ffc66c10000 - 0x00007ffc66c2c000 	C:\WINDOWS\SYSTEM32\CRYPTSP.dll
0x00007ffc663b0000 - 0x00007ffc663e8000 	C:\WINDOWS\system32\rsaenh.dll
0x00007ffc66a00000 - 0x00007ffc66a2b000 	C:\WINDOWS\SYSTEM32\USERENV.dll
0x00007ffc66e40000 - 0x00007ffc66e66000 	C:\WINDOWS\SYSTEM32\bcrypt.dll
0x00007ffc66c00000 - 0x00007ffc66c0c000 	C:\WINDOWS\SYSTEM32\CRYPTBASE.dll
0x00007ffc3f1d0000 - 0x00007ffc3f1e8000 	C:\WINDOWS\system32\napinsp.dll
0x00007ffc3f1b0000 - 0x00007ffc3f1c2000 	C:\WINDOWS\System32\winrnr.dll
0x00007ffc3a200000 - 0x00007ffc3a222000 	C:\WINDOWS\system32\nlansp_c.dll
0x00007ffc5f030000 - 0x00007ffc5f046000 	C:\WINDOWS\system32\wshbth.dll
0x00007ffc46440000 - 0x00007ffc46496000 	C:\WINDOWS\SYSTEM32\pdh.dll
0x00007ffc53190000 - 0x00007ffc531a2000 	C:\WINDOWS\System32\perfproc.dll
0x00007ffc3f220000 - 0x00007ffc3f231000 	C:\WINDOWS\System32\perfos.dll
0x00007ffc65b50000 - 0x00007ffc65b62000 	C:\WINDOWS\SYSTEM32\pfclient.dll
0x00007ffc5a5c0000 - 0x00007ffc5a5ce000 	C:\Users\Admin\Documents\jdk-23.0.2\bin\sunmscapi.dll
0x00007ffc679f0000 - 0x00007ffc67b66000 	C:\WINDOWS\System32\CRYPT32.dll
0x00007ffc66e00000 - 0x00007ffc66e30000 	C:\WINDOWS\SYSTEM32\ncrypt.dll
0x00007ffc66db0000 - 0x00007ffc66def000 	C:\WINDOWS\SYSTEM32\NTASN1.dll
0x00007ffc40660000 - 0x00007ffc40670000 	C:\Users\Admin\Documents\jdk-23.0.2\bin\verify.dll

dbghelp: loaded successfully - version: 4.0.5 - missing functions: none
symbol engine: initialized successfully - sym options: 0x614 - pdb path: .;C:\Users\Admin\Documents\jdk-23.0.2\bin;C:\WINDOWS\SYSTEM32;C:\WINDOWS\WinSxS\amd64_microsoft.windows.common-controls_6595b64144ccf1df_6.0.26100.3037_none_3e09262ce333c378;C:\Users\Admin\Documents\jdk-23.0.2\bin\server;C:\Program Files\JetBrains\IntelliJ IDEA 2024.3.2\bin

VM Arguments:
jvm_args: -XX:TieredStopAtLevel=1 -Dspring.output.ansi.enabled=always -Dcom.sun.management.jmxremote -Dspring.jmx.enabled=true -Dspring.liveBeansView.mbeanDomain -Dspring.application.admin.enabled=true -Dmanagement.endpoints.jmx.exposure.include=* -javaagent:C:\Program Files\JetBrains\IntelliJ IDEA 2024.3.2\lib\idea_rt.jar=56211:C:\Program Files\JetBrains\IntelliJ IDEA 2024.3.2\bin -Dfile.encoding=UTF-8 -Dsun.stdout.encoding=UTF-8 -Dsun.stderr.encoding=UTF-8 
java_command: com.capstoneproject.themeal.capstoneprojectApplication
java_class_path (initial): D:\HK242\DATN\DACN_HK241\BE\target\classes;C:\Users\Admin\.m2\repository\org\springframework\boot\spring-boot-starter-data-jdbc\3.3.1\spring-boot-starter-data-jdbc-3.3.1.jar;C:\Users\Admin\.m2\repository\org\springframework\data\spring-data-jdbc\3.3.1\spring-data-jdbc-3.3.1.jar;C:\Users\Admin\.m2\repository\org\springframework\data\spring-data-relational\3.3.1\spring-data-relational-3.3.1.jar;C:\Users\Admin\.m2\repository\vn\payos\payos-java\1.0.3\payos-java-1.0.3.jar;C:\Users\Admin\.m2\repository\org\apache\httpcomponents\client5\httpclient5\5.3.1\httpclient5-5.3.1.jar;C:\Users\Admin\.m2\repository\org\apache\httpcomponents\core5\httpcore5\5.2.4\httpcore5-5.2.4.jar;C:\Users\Admin\.m2\repository\org\apache\httpcomponents\core5\httpcore5-h2\5.2.4\httpcore5-h2-5.2.4.jar;C:\Users\Admin\.m2\repository\com\fasterxml\jackson\core\jackson-databind\2.17.1\jackson-databind-2.17.1.jar;C:\Users\Admin\.m2\repository\com\fasterxml\jackson\core\jackson-annotations\2.17.1\jackson-annotations-2.17.1.jar;C:\Users\Admin\.m2\repository\org\springframework\boot\spring-boot-starter-data-jpa\3.3.1\spring-boot-starter-data-jpa-3.3.1.jar;C:\Users\Admin\.m2\repository\org\springframework\boot\spring-boot-starter-aop\3.3.1\spring-boot-starter-aop-3.3.1.jar;C:\Users\Admin\.m2\repository\org\springframework\spring-aop\6.1.10\spring-aop-6.1.10.jar;C:\Users\Admin\.m2\repository\org\aspectj\aspectjweaver\1.9.22\aspectjweaver-1.9.22.jar;C:\Users\Admin\.m2\repository\org\hibernate\orm\hibernate-core\6.5.2.Final\hibernate-core-6.5.2.Final.jar;C:\Users\Admin\.m2\repository\jakarta\persistence\jakarta.persistence-api\3.1.0\jakarta.persistence-api-3.1.0.jar;C:\Users\Admin\.m2\repository\jakarta\transaction\jakarta.transaction-api\2.0.1\jakarta.transaction-api-2.0.1.jar;C:\Users\Admin\.m2\repository\org\jboss\logging\jboss-logging\3.5.3.Final\jboss-logging-3.5.3.Final.jar;C:\Users\Admin\.m2\repository\org\hibernate\common\hibernate-commons-annotations\6.0.6.Final\hibernate-commons-annotations-6.0.6.Final.jar;C:\Users\Admin\.m2\repository\io\smallrye\jandex\3.1.2\jandex-3.1.2.jar;C:\Users\Admin\.m2\repository\com\fasterxml\classmate\1.7.0\classmate-1.7.0.jar;C:\Users\Admin\.m2\repository\net\bytebuddy\byte-buddy\1.14.17\byte-buddy-1.14.17.jar;C:\Users\Admin\.m2\repository\org\glassfish\jaxb\jaxb-runtime\4.0.5\jaxb-runtime-4.0.5.jar;C:\Users\Admin\.m2\repository\org\glassfish\jaxb\jaxb-core\4.0.5\jaxb-core-4.0.5.jar;C:\Users\Admin\.m2\repository\org\glassfish\jaxb\txw2\4.0.5\txw2-4.0.5.jar;C:\Users\Admin\.m2\repository\com\sun\istack\istack-commons-runtime\4.1.2\istack-commons-runtime-4.1.2.jar;C:\Users\Admin\.m2\repository\jakarta\inject\jakarta.inject-api\2.0.1\jakarta.inject-api-2.0.1.jar;C:\Users\Admin\.m2\repository\org\antlr\antlr4-runtime\4.13.0\antlr4-runtime-4.13.0.jar;C:\Users\Admin\.m2\repository\org\springframework\data\spring-data-jpa\3.3.1\spring-data-jpa-3.3.1.jar;C:\Users\Admin\.m2\repository\org\springframework\spring-orm\6.1.10\spring-orm-6.1.10.jar;C:\Users\Admin\.m2\repository\jakarta\annotation\jakarta.annotation-api\2.1.1\jakarta.annotation-api-2.1.1.jar;C:\Users\Admin\.m2\repository\org\springframework\spring-aspects\6.1.10\spring-aspects-6.1.10.jar;C:\Users\Admin\.m2\repository\org\springframework\boot\spring-boot-starter-jdbc\3.3.1\spring-boot-starter-jdbc-3.3.1.jar;C:\Users\Admin\.m2\repository\org\springframework\boot\spring-boot-starter\3.3.1\spring-boot-starter-3.3.1.jar;C:\Users\Admin\.m2\repository\org\springframework\boot\spring-boot-starter-logging\3.3.1\spring-boot-starter-logging-3.3.1.jar;C:\Users\Admin\.m2\repository\ch\qos\logback\logback-classic\1.5.6\logback-classic-1.5.6.jar;C:\Users\Admin\.m2\repository\ch\qos\logback\logback-core\1.5.6\logback-core-1.5.6.jar;C:\Users\Admin\.m2\repository\org\apache\logging\log4j\log4j-to-slf4j\2.23.1\log4j-to-slf4j-2.23.1.jar;C:\Users\Admin\.m2\repository\org\apache\logging\log4j\log4j-api\2.23.1\log4j-api-2.23.1.jar;C:\Users\Admin\.m2\repository\org\slf4j\jul-to-slf4j\2.0.13\jul-to-slf4j-2.0.13.jar;C:\Users\Admin\.m2\repository\org\yaml\snakeyaml\2.2\snakeyaml-2.2.jar;C:\Users\Admin\.m2\repository\com\zaxxer\HikariCP\5.1.0\HikariCP-5.1.0.jar;C:\Users\Admin\.m2\repository\org\springframework\spring-jdbc\6.1.10\spring-jdbc-6.1.10.jar;C:\Users\Admin\.m2\repository\org\springframework\boot\spring-boot-starter-mail\3.3.1\spring-boot-starter-mail-3.3.1.jar;C:\Users\Admin\.m2\repository\org\springframework\spring-context-support\6.1.10\spring-context-support-6.1.10.jar;C:\Users\Admin\.m2\repository\org\eclipse\angus\jakarta.mail\2.0.3\jakarta.mail-2.0.3.jar;C:\Users\Admin\.m2\repository\jakarta\activation\jakarta.activation-api\2.1.3\jakarta.activation-api-2.1.3.jar;C:\Users\Admin\.m2\repository\org\eclipse\angus\angus-activation\2.0.2\angus-activation-2.0.2.jar;C:\Users\Admin\.m2\repository\javax\servlet\javax.servlet-api\4.0.1\javax.servlet-api-4.0.1.jar;C:\Users\Admin\.m2\repository\org\springframework\boot\spring-boot-starter-validation\3.3.1\spring-boot-starter-validation-3.3.1.jar;C:\Users\Admin\.m2\repository\org\apache\tomcat\embed\tomcat-embed-el\10.1.25\tomcat-embed-el-10.1.25.jar;C:\Users\Admin\.m2\repository\org\hibernate\validator\hibernate-validator\8.0.1.Final\hibernate-validator-8.0.1.Final.jar;C:\Users\Admin\.m2\repository\jakarta\validation\jakarta.validation-api\3.0.2\jakarta.validation-api-3.0.2.jar;C:\Users\Admin\.m2\repository\org\springframework\boot\spring-boot-starter-web\3.3.1\spring-boot-starter-web-3.3.1.jar;C:\Users\Admin\.m2\repository\org\springframework\boot\spring-boot-starter-json\3.3.1\spring-boot-starter-json-3.3.1.jar;C:\Users\Admin\.m2\repository\com\fasterxml\jackson\datatype\jackson-datatype-jdk8\2.17.1\jackson-datatype-jdk8-2.17.1.jar;C:\Users\Admin\.m2\repository\com\fasterxml\jackson\datatype\jackson-datatype-jsr310\2.17.1\jackson-datatype-jsr310-2.17.1.jar;C:\Users\Admin\.m2\repository\com\fasterxml\jackson\module\jackson-module-parameter-names\2.17.1\jackson-module-parameter-names-2.17.1.jar;C:\Users\Admin\.m2\repository\org\springframework\boot\spring-boot-starter-tomcat\3.3.1\spring-boot-starter-tomcat-3.3.1.jar;C:\Users\Admin\.m2\repository\org\apache\tomcat\embed\tomcat-embed-core\10.1.25\tomcat-embed-core-10.1.25.jar;C:\Users\Admin\.m2\repository\org\apache\tomcat\embed\tomcat-embed-websocket\10.1.25\tomcat-embed-websocket-10.1.25.jar;C:\Users\Admin\.m2\repository\org\springframework\spring-web\6.1.10\spring-web-6.1.10.jar;C:\Users\Admin\.m2\repository\org\springframework\spring-webmvc\6.1.10\spring-webmvc-6.1.10.jar;C:\Users\Admin\.m2\repository\org\springframework\spring-expression\6.1.10\spring-expression-6.1.10.jar;C:\Users\Admin\.m2\repository\org\springframework\boot\spring-boot-starter-thymeleaf\3.3.1\spring-boot-starter-thymeleaf-3.3.1.jar;C:\Users\Admin\.m2\repository\org\thymeleaf\thymeleaf-spring6\3.1.2.RELEASE\thymeleaf-spring6-3.1.2.RELEASE.jar;C:\Users\Admin\.m2\repository\org\thymeleaf\thymeleaf\3.1.2.RELEASE\thymeleaf-3.1.2.RELEASE.jar;C:\Users\Admin\.m2\repository\org\attoparser\attoparser\2.0.7.RELEASE\attoparser-2.0.7.RELEASE.jar;C:\Users\Admin\.m2\repository\org\unbescape\unbescape\1.1.6.RELEASE\unbescape-1.1.6.RELEASE.jar;C:\Users\Admin\.m2\repository\org\springframework\data\spring-data-elasticsearch\5.3.1\spring-data-elasticsearch-5.3.1.jar;C:\Users\Admin\.m2\repository\org\springframework\spring-context\6.1.10\spring-context-6.1.10.jar;C:\Users\Admin\.m2\repository\org\springframework\spring-tx\6.1.10\spring-tx-6.1.10.jar;C:\Users\Admin\.m2\repository\org\springframework\data\spring-data-commons\3.3.1\spring-data-commons-3.3.1.jar;C:\Users\Admin\.m2\repository\co\elastic\clients\elasticsearch-java\8.13.4\elasticsearch-java-8.13.4.jar;C:\Users\Admin\.m2\repository\com\google\code\findbugs\jsr305\3.0.2\jsr305-3.0.2.jar;C:\Users\Admin\.m2\repository\jakarta\json\jakarta.json-api\2.1.3\jakarta.json-api-2.1.3.jar;C:\Users\Admin\.m2\repository\org\eclipse\parsson\parsson\1.0.5\parsson-1.0.5.jar;C:\Users\Admin\.m2\repository\io\opentelemetry\opentelemetry-api\1.37.0\opentelemetry-api-1.37.0.jar;C:\Users\Admin\.m2\repository\io\opentelemetry\opentelemetry-context\1.37.0\opentelemetry-context-1.37.0.jar;C:\Users\Admin\.m2\repository\org\elasticsearch\client\elasticsearch-rest-client\8.13.4\elasticsearch-rest-client-8.13.4.jar;C:\Users\Admin\.m2\repository\org\apache\httpcomponents\httpcore\4.4.16\httpcore-4.4.16.jar;C:\Users\Admin\.m2\repository\org\apache\httpcomponents\httpasyncclient\4.1.5\httpasyncclient-4.1.5.jar;C:\Users\Admin\.m2\repository\org\apache\httpcomponents\httpcore-nio\4.4.16\httpcore-nio-4.4.16.jar;C:\Users\Admin\.m2\repository\com\fasterxml\jackson\core\jackson-core\2.17.1\jackson-core-2.17.1.jar;C:\Users\Admin\.m2\repository\org\slf4j\slf4j-api\2.0.13\slf4j-api-2.0.13.jar;C:\Users\Admin\.m2\repository\org\springframework\kafka\spring-kafka\3.2.1\spring-kafka-3.2.1.jar;C:\Users\Admin\.m2\repository\org\springframework\spring-messaging\6.1.10\spring-messaging-6.1.10.jar;C:\Users\Admin\.m2\repository\org\springframework\retry\spring-retry\2.0.6\spring-retry-2.0.6.jar;C:\Users\Admin\.m2\repository\org\apache\kafka\kafka-clients\3.7.0\kafka-clients-3.7.0.jar;C:\Users\Admin\.m2\repository\com\github\luben\zstd-jni\1.5.5-6\zstd-jni-1.5.5-6.jar;C:\Users\Admin\.m2\repository\org\lz4\lz4-java\1.8.0\lz4-java-1.8.0.jar;C:\Users\Admin\.m2\repository\org\xerial\snappy\snappy-java\1.1.10.5\snappy-java-1.1.10.5.jar;C:\Users\Admin\.m2\repository\io\micrometer\micrometer-observation\1.13.1\micrometer-observation-1.13.1.jar;C:\Users\Admin\.m2\repository\io\micrometer\micrometer-commons\1.13.1\micrometer-commons-1.13.1.jar;C:\Users\Admin\.m2\repository\org\modelmapper\modelmapper\3.0.0\modelmapper-3.0.0.jar;C:\Users\Admin\.m2\repository\org\springframework\boot\spring-boot-devtools\3.3.1\spring-boot-devtools-3.3.1.jar;C:\Users\Admin\.m2\repository\org\springframework\boot\spring-boot\3.3.1\spring-boot-3.3.1.jar;C:\Users\Admin\.m2\repository\org\springframework\boot\spring-boot-autoconfigure\3.3.1\spring-boot-autoconfigure-3.3.1.jar;C:\Users\Admin\.m2\repository\org\postgresql\postgresql\42.7.3\postgresql-42.7.3.jar;C:\Users\Admin\.m2\repository\org\checkerframework\checker-qual\3.42.0\checker-qual-3.42.0.jar;C:\Users\Admin\.m2\repository\org\mapstruct\mapstruct\1.5.2.Final\mapstruct-1.5.2.Final.jar;C:\Users\Admin\.m2\repository\org\mapstruct\mapstruct-processor\1.5.5.Final\mapstruct-processor-1.5.5.Final.jar;C:\Users\Admin\.m2\repository\org\projectlombok\lombok\1.18.32\lombok-1.18.32.jar;C:\Users\Admin\.m2\repository\jakarta\xml\bind\jakarta.xml.bind-api\4.0.2\jakarta.xml.bind-api-4.0.2.jar;C:\Users\Admin\.m2\repository\org\springframework\spring-core\6.1.10\spring-core-6.1.10.jar;C:\Users\Admin\.m2\repository\org\springframework\spring-jcl\6.1.10\spring-jcl-6.1.10.jar;C:\Users\Admin\.m2\repository\org\springdoc\springdoc-openapi-starter-webmvc-ui\2.5.0\springdoc-openapi-starter-webmvc-ui-2.5.0.jar;C:\Users\Admin\.m2\repository\org\springdoc\springdoc-openapi-starter-webmvc-api\2.5.0\springdoc-openapi-starter-webmvc-api-2.5.0.jar;C:\Users\Admin\.m2\repository\org\springdoc\springdoc-openapi-starter-common\2.5.0\springdoc-openapi-starter-common-2.5.0.jar;C:\Users\Admin\.m2\repository\io\swagger\core\v3\swagger-core-jakarta\2.2.21\swagger-core-jakarta-2.2.21.jar;C:\Users\Admin\.m2\repository\io\swagger\core\v3\swagger-annotations-jakarta\2.2.21\swagger-annotations-jakarta-2.2.21.jar;C:\Users\Admin\.m2\repository\io\swagger\core\v3\swagger-models-jakarta\2.2.21\swagger-models-jakarta-2.2.21.jar;C:\Users\Admin\.m2\repository\com\fasterxml\jackson\dataformat\jackson-dataformat-yaml\2.17.1\jackson-dataformat-yaml-2.17.1.jar;C:\Users\Admin\.m2\repository\org\webjars\swagger-ui\5.13.0\swagger-ui-5.13.0.jar;C:\Users\Admin\.m2\repository\io\jsonwebtoken\jjwt-api\0.11.5\jjwt-api-0.11.5.jar;C:\Users\Admin\.m2\repository\org\springframework\boot\spring-boot-starter-websocket\3.3.1\spring-boot-starter-websocket-3.3.1.jar;C:\Users\Admin\.m2\repository\org\springframework\spring-websocket\6.1.10\spring-websocket-6.1.10.jar;C:\Users\Admin\.m2\repository\io\jsonwebtoken\jjwt-impl\0.11.5\jjwt-impl-0.11.5.jar;C:\Users\Admin\.m2\repository\io\jsonwebtoken\jjwt-jackson\0.11.5\jjwt-jackson-0.11.5.jar;C:\Users\Admin\.m2\repository\com\cloudinary\cloudinary-http44\1.36.0\cloudinary-http44-1.36.0.jar;C:\Users\Admin\.m2\repository\com\cloudinary\cloudinary-core\1.36.0\cloudinary-core-1.36.0.jar;C:\Users\Admin\.m2\repository\org\apache\commons\commons-lang3\3.14.0\commons-lang3-3.14.0.jar;C:\Users\Admin\.m2\repository\org\apache\httpcomponents\httpclient\4.4\httpclient-4.4.jar;C:\Users\Admin\.m2\repository\commons-logging\commons-logging\1.2\commons-logging-1.2.jar;C:\Users\Admin\.m2\repository\org\apache\httpcomponents\httpmime\4.4\httpmime-4.4.jar;C:\Users\Admin\.m2\repository\com\cloudinary\cloudinary-taglib\1.36.0\cloudinary-taglib-1.36.0.jar;C:\Users\Admin\.m2\repository\javax\servlet\jsp-api\2.0\jsp-api-2.0.jar;C:\Users\Admin\.m2\repository\javax\servlet\servlet-api\2.4\servlet-api-2.4.jar;C:\Users\Admin\.m2\repository\org\springframework\security\oauth\spring-security-oauth2\2.5.2.RELEASE\spring-security-oauth2-2.5.2.RELEASE.jar;C:\Users\Admin\.m2\repository\org\springframework\spring-beans\6.1.10\spring-beans-6.1.10.jar;C:\Users\Admin\.m2\repository\org\springframework\security\spring-security-core\6.3.1\spring-security-core-6.3.1.jar;C:\Users\Admin\.m2\repository\org\springframework\security\spring-security-crypto\6.3.1\spring-security-crypto-6.3.1.jar;C:\Users\Admin\.m2\repository\org\springframework\security\spring-security-config\6.3.1\spring-security-config-6.3.1.jar;C:\Users\Admin\.m2\repository\org\springframework\security\spring-security-web\6.3.1\spring-security-web-6.3.1.jar;C:\Users\Admin\.m2\repository\commons-codec\commons-codec\1.16.1\commons-codec-1.16.1.jar;C:\Users\Admin\.m2\repository\org\jetbrains\annotations\26.0.2\annotations-26.0.2.jar
Launcher Type: SUN_STANDARD

[Global flags]
     intx CICompilerCount                          = 4                                         {product} {ergonomic}
     uint ConcGCThreads                            = 3                                         {product} {ergonomic}
     uint G1ConcRefinementThreads                  = 10                                        {product} {ergonomic}
   size_t G1HeapRegionSize                         = 2097152                                   {product} {ergonomic}
   size_t InitialHeapSize                          = 230686720                                 {product} {ergonomic}
     bool ManagementServer                         = true                                      {product} {command line}
   size_t MarkStackSize                            = 4194304                                   {product} {ergonomic}
   size_t MarkStackSizeMax                         = 536870912                                 {product} {ergonomic}
   size_t MaxHeapSize                              = 3676307456                                {product} {ergonomic}
   size_t MaxNewSize                               = 2204106752                                {product} {ergonomic}
   size_t MinHeapDeltaBytes                        = 2097152                                   {product} {ergonomic}
   size_t MinHeapSize                              = 8388608                                   {product} {ergonomic}
    uintx NonNMethodCodeHeapSize                   = 4096                                   {pd product} {ergonomic}
    uintx NonProfiledCodeHeapSize                  = 0                                      {pd product} {ergonomic}
     bool ProfileInterpreter                       = false                                  {pd product} {command line}
    uintx ProfiledCodeHeapSize                     = 0                                      {pd product} {ergonomic}
   size_t SoftMaxHeapSize                          = 3676307456                             {manageable} {ergonomic}
     intx TieredStopAtLevel                        = 1                                         {product} {command line}
     bool UseCompressedOops                        = true                           {product lp64_product} {ergonomic}
     bool UseG1GC                                  = true                                      {product} {ergonomic}
     bool UseLargePagesIndividualAllocation        = false                                  {pd product} {ergonomic}

Logging:
Log output configuration:
 #0: stdout all=warning uptime,level,tags foldmultilines=false
 #1: stderr all=off uptime,level,tags foldmultilines=false

Environment Variables:
JAVA_HOME=C:\Users\Admin\Documents\jdk-23.0.2
PATH=C:\Users\Admin\Documents\jdk-23.0.2\bin;C:\Program Files\Python313\Scripts\;C:\Program Files\Python313\;C:\Program Files\Common Files\Oracle\Java\javapath;C:\Program Files\Python312\Scripts;C:\Program Files\Python312\;C:\Program Files (x86)\VMware\VMware Workstation\bin\;C:\WINDOWS\system32;C:\WINDOWS;C:\WINDOWS\System32\Wbem;C:\WINDOWS\System32\WindowsPowerShell\v1.0\;C:\WINDOWS\System32\OpenSSH\;C:\MinGW\bin;C:\Program Files\Git\cmd;C:\Program Files\nodejs\;C:\Program Files\Java\jdk-11\bin;"C:\Program Files\Java\jre1.8.0_202"\bin;C:\Program Files (x86)\Microsoft SQL Server\160\Tools\Binn\;C:\Program Files\Microsoft SQL Server\160\Tools\Binn\;C:\Program Files\Microsoft SQL Server\Client SDK\ODBC\170\Tools\Binn\;C:\Program Files\Microsoft SQL Server\160\DTS\Binn\;C:\Program Files\Microsoft SQL Server\150\Tools\Binn\;C:\Program Files\dotnet\;C:\Program Files\Docker\Docker\resources\bin;C:\Program Files\MySQL\MySQL Shell 8.0\bin\;C:\Users\Admin\AppData\Local\Microsoft\WindowsApps;;C:\Users\Admin\AppData\Local\Programs\Microsoft VS Code\bin;C:\Users\Admin\AppData\Roaming\npm;C:\Program Files\JetBrains\PyCharm 2023.3.3\bin;;C:\ghcup\bin;C:\Users\Admin\.dotnet\tools
USERNAME=Admin
OS=Windows_NT
PROCESSOR_IDENTIFIER=AMD64 Family 25 Model 68 Stepping 1, AuthenticAMD
TMP=C:\Users\Admin\AppData\Local\Temp
TEMP=C:\Users\Admin\AppData\Local\Temp




Periodic native trim disabled

---------------  S Y S T E M  ---------------

OS:
 Windows 11 , 64 bit Build 26100 (10.0.26100.3037)
OS uptime: 1 days 1:40 hours
Hyper-V role detected

CPU: total 12 (initial active 12) (12 cores per cpu, 2 threads per core) family 25 model 68 stepping 1 microcode 0xa404105, cx8, cmov, fxsr, ht, mmx, 3dnowpref, sse, sse2, sse3, ssse3, sse4a, sse4.1, sse4.2, popcnt, lzcnt, tsc, tscinvbit, avx, avx2, aes, erms, clmul, bmi1, bmi2, adx, sha, fma, vzeroupper, clflush, clflushopt, hv, rdtscp, rdpid, fsrm, f16c, cet_ss
Processor Information for processor 0
  Max Mhz: 3301, Current Mhz: 3301, Mhz Limit: 3301
Processor Information for processor 1
  Max Mhz: 3301, Current Mhz: 2640, Mhz Limit: 3301
Processor Information for processor 2
  Max Mhz: 3301, Current Mhz: 3301, Mhz Limit: 3301
Processor Information for processor 3
  Max Mhz: 3301, Current Mhz: 2640, Mhz Limit: 3301
Processor Information for processor 4
  Max Mhz: 3301, Current Mhz: 3301, Mhz Limit: 3301
Processor Information for processor 5
  Max Mhz: 3301, Current Mhz: 2640, Mhz Limit: 3301
Processor Information for processor 6
  Max Mhz: 3301, Current Mhz: 3301, Mhz Limit: 3301
Processor Information for processor 7
  Max Mhz: 3301, Current Mhz: 2640, Mhz Limit: 3301
Processor Information for processor 8
  Max Mhz: 3301, Current Mhz: 3301, Mhz Limit: 3301
Processor Information for processor 9
  Max Mhz: 3301, Current Mhz: 2640, Mhz Limit: 3301
Processor Information for processor 10
  Max Mhz: 3301, Current Mhz: 3301, Mhz Limit: 3301
Processor Information for processor 11
  Max Mhz: 3301, Current Mhz: 2640, Mhz Limit: 3301

Memory: 4k page, system-wide physical 14020M (1004M free)
TotalPageFile size 22846M (AvailPageFile size 22M)
current process WorkingSet (physical memory assigned to process): 261M, peak: 261M
current process commit charge ("private bytes"): 307M, peak: 358M

vm_info: Java HotSpot(TM) 64-Bit Server VM (23.0.2+7-58) for windows-amd64 JRE (23.0.2+7-58), built on 2024-11-29T09:34:55Z with MS VC++ 17.6 (VS2022)

END.
